#
# There is insufficient memory for the Java Runtime Environment to continue.
# Native memory allocation (malloc) failed to allocate 32744 bytes for ChunkPool::allocate
# Possible reasons:
#   The system is out of physical RAM or swap space
#   In 32 bit mode, the process size limit was hit
# Possible solutions:
#   Reduce memory load on the system
#   Increase physical memory or swap space
#   Check if swap backing store is full
#   Use 64 bit Java on a 64 bit OS
#   Decrease Java heap size (-Xmx/-Xms)
#   Decrease number of Java threads
#   Decrease Java thread stack sizes (-Xss)
#   Set larger code cache with -XX:ReservedCodeCacheSize=
# This output file may be truncated or incomplete.
#
#  Out of Memory Error (allocation.cpp:273), pid=1108, tid=0x0000000000002238
#
# JRE version: Java(TM) SE Runtime Environment (8.0_181-b13) (build 1.8.0_181-b13)
# Java VM: Java HotSpot(TM) 64-Bit Server VM (25.181-b13 mixed mode windows-amd64 compressed oops)
# Failed to write core dump. Minidumps are not enabled by default on client versions of Windows
#

---------------  T H R E A D  ---------------

Current thread (0x00000000027ad800):  JavaThread "main" [_thread_in_vm, id=8760, stack(0x00000000027b0000,0x00000000028b0000)]

Stack: [0x00000000027b0000,0x00000000028b0000]
[error occurred during error reporting (printing stack bounds), id 0xc0000005]

Native frames: (J=compiled Java code, j=interpreted, Vv=VM code, C=native code)

Java frames: (J=compiled Java code, j=interpreted, Vv=VM code)
j  sun.misc.Unsafe.defineAnonymousClass(Ljava/lang/Class;[B[Ljava/lang/Object;)Ljava/lang/Class;+0
j  java.lang.invoke.InvokerBytecodeGenerator.loadAndInitializeInvokerClass([B[Ljava/lang/Object;)Ljava/lang/Class;+8
j  java.lang.invoke.InvokerBytecodeGenerator.loadMethod([B)Ljava/lang/invoke/MemberName;+6
j  java.lang.invoke.InvokerBytecodeGenerator.generateCustomizedCode(Ljava/lang/invoke/LambdaForm;Ljava/lang/invoke/MethodType;)Ljava/lang/invoke/MemberName;+17
j  java.lang.invoke.LambdaForm.compileToBytecode()Ljava/lang/invoke/MemberName;+65
j  java.lang.invoke.DirectMethodHandle.makePreparedLambdaForm(Ljava/lang/invoke/MethodType;I)Ljava/lang/invoke/LambdaForm;+713
j  java.lang.invoke.DirectMethodHandle.preparedLambdaForm(Ljava/lang/invoke/MethodType;I)Ljava/lang/invoke/LambdaForm;+17
j  java.lang.invoke.DirectMethodHandle.preparedLambdaForm(Ljava/lang/invoke/MemberName;)Ljava/lang/invoke/LambdaForm;+151
j  java.lang.invoke.DirectMethodHandle.make(BLjava/lang/Class;Ljava/lang/invoke/MemberName;)Ljava/lang/invoke/DirectMethodHandle;+137
j  java.lang.invoke.MethodHandles$Lookup.getDirectMethodCommon(BLjava/lang/Class;Ljava/lang/invoke/MemberName;ZZLjava/lang/Class;)Ljava/lang/invoke/MethodHandle;+201
j  java.lang.invoke.MethodHandles$Lookup.getDirectMethod(BLjava/lang/Class;Ljava/lang/invoke/MemberName;Ljava/lang/Class;)Ljava/lang/invoke/MethodHandle;+8
j  java.lang.invoke.MethodHandles$Lookup.findStatic(Ljava/lang/Class;Ljava/lang/String;Ljava/lang/invoke/MethodType;)Ljava/lang/invoke/MethodHandle;+23
j  java.lang.invoke.MethodHandleImpl.findCollector(Ljava/lang/String;ILjava/lang/Class;[Ljava/lang/Class;)Ljava/lang/invoke/MethodHandle;+23
j  java.lang.invoke.MethodHandleImpl.makeArrays()[Ljava/lang/invoke/MethodHandle;+20
j  java.lang.invoke.MethodHandleImpl.access$000()[Ljava/lang/invoke/MethodHandle;+0
j  java.lang.invoke.MethodHandleImpl$Lazy.<clinit>()V+5
v  ~StubRoutines::call_stub
j  java.lang.invoke.MethodHandleImpl.varargsArray(I)Ljava/lang/invoke/MethodHandle;+0
j  java.lang.invoke.MethodHandleImpl.varargsArray(Ljava/lang/Class;I)Ljava/lang/invoke/MethodHandle;+121
j  java.lang.invoke.MethodHandle.asCollector(Ljava/lang/Class;I)Ljava/lang/invoke/MethodHandle;+36
j  java.lang.invoke.MethodHandleImpl$AsVarargsCollector.<init>(Ljava/lang/invoke/MethodType;Ljava/lang/invoke/MethodHandle;Ljava/lang/Class;)V+20
j  java.lang.invoke.MethodHandleImpl$AsVarargsCollector.<init>(Ljava/lang/invoke/MethodHandle;Ljava/lang/Class;)V+7
j  java.lang.invoke.MethodHandleImpl.makeVarargsCollector(Ljava/lang/invoke/MethodHandle;Ljava/lang/Class;)Ljava/lang/invoke/MethodHandle;+43
j  java.lang.invoke.MethodHandle.setVarargs(Ljava/lang/invoke/MemberName;)Ljava/lang/invoke/MethodHandle;+26
j  java.lang.invoke.MethodHandles$Lookup.getDirectMethodCommon(BLjava/lang/Class;Ljava/lang/invoke/MemberName;ZZLjava/lang/Class;)Ljava/lang/invoke/MethodHandle;+263
j  java.lang.invoke.MethodHandles$Lookup.getDirectMethod(BLjava/lang/Class;Ljava/lang/invoke/MemberName;Ljava/lang/Class;)Ljava/lang/invoke/MethodHandle;+8
j  java.lang.invoke.MethodHandles$Lookup.findStatic(Ljava/lang/Class;Ljava/lang/String;Ljava/lang/invoke/MethodType;)Ljava/lang/invoke/MethodHandle;+23
j  java.lang.invoke.CallSite.<clinit>()V+35
v  ~StubRoutines::call_stub
j  java.lang.invoke.MethodHandleNatives.linkCallSiteImpl(Ljava/lang/Class;Ljava/lang/invoke/MethodHandle;Ljava/lang/String;Ljava/lang/invoke/MethodType;Ljava/lang/Object;[Ljava/lang/Object;)Ljava/lang/invoke/MemberName;+6
j  java.lang.invoke.MethodHandleNatives.linkCallSite(Ljava/lang/Object;Ljava/lang/Object;Ljava/lang/Object;Ljava/lang/Object;Ljava/lang/Object;[Ljava/lang/Object;)Ljava/lang/invoke/MemberName;+45
v  ~StubRoutines::call_stub
j  sun.rmi.transport.DGCImpl.<clinit>()V+109
v  ~StubRoutines::call_stub
j  sun.rmi.transport.WeakRef.pin()V+15
j  sun.rmi.transport.Target.pinImpl()V+4
j  sun.rmi.transport.Target.<init>(Ljava/rmi/Remote;Lsun/rmi/server/Dispatcher;Ljava/rmi/Remote;Ljava/rmi/server/ObjID;Z)V+134
j  sun.rmi.server.UnicastServerRef.exportObject(Ljava/rmi/Remote;Ljava/lang/Object;Z)Ljava/rmi/Remote;+67
j  sun.management.jmxremote.ConnectorBootstrap$PermanentExporter.exportObject(Ljava/rmi/Remote;ILjava/rmi/server/RMIClientSocketFactory;Ljava/rmi/server/RMIServerSocketFactory;)Ljava/rmi/Remote;+71
j  javax.management.remote.rmi.RMIJRMPServerImpl.export(Ljava/rmi/Remote;)V+127
j  javax.management.remote.rmi.RMIJRMPServerImpl.export()V+12
j  javax.management.remote.rmi.RMIConnectorServer.start()V+270
j  sun.management.jmxremote.ConnectorBootstrap.exportMBeanServer(Ljavax/management/MBeanServer;IIZZLjava/lang/String;[Ljava/lang/String;[Ljava/lang/String;ZZLjava/lang/String;Ljava/lang/String;Ljava/lang/String;Ljava/lang/String;)Lsun/management/jmxremote/ConnectorBootstrap$JMXConnectorServerData;+304
j  sun.management.jmxremote.ConnectorBootstrap.startRemoteConnectorServer(Ljava/lang/String;Ljava/util/Properties;)Ljavax/management/remote/JMXConnectorServer;+820
j  sun.management.Agent.startAgent(Ljava/util/Properties;)V+66
j  sun.management.Agent.startAgent()V+19
v  ~StubRoutines::call_stub

---------------  P R O C E S S  ---------------

Java Threads: ( => current thread )
  0x0000000016e8c800 JavaThread "Service Thread" daemon [_thread_blocked, id=9660, stack(0x0000000017750000,0x0000000017850000)]
  0x0000000016b4e000 JavaThread "C1 CompilerThread2" daemon [_thread_blocked, id=3008, stack(0x0000000017650000,0x0000000017750000)]
  0x0000000016aaf800 JavaThread "C2 CompilerThread1" daemon [_thread_blocked, id=5292, stack(0x0000000016d50000,0x0000000016e50000)]
  0x0000000016a87000 JavaThread "C2 CompilerThread0" daemon [_thread_blocked, id=1004, stack(0x0000000016c50000,0x0000000016d50000)]
  0x0000000016ac4800 JavaThread "Monitor Ctrl-Break" daemon [_thread_in_native, id=3944, stack(0x0000000016b50000,0x0000000016c50000)]
  0x00000000150ee800 JavaThread "Attach Listener" daemon [_thread_blocked, id=9292, stack(0x0000000016650000,0x0000000016750000)]
  0x00000000150ed000 JavaThread "Signal Dispatcher" daemon [_thread_blocked, id=9092, stack(0x0000000016550000,0x0000000016650000)]
  0x00000000150cf000 JavaThread "Finalizer" daemon [_thread_blocked, id=10180, stack(0x0000000016340000,0x0000000016440000)]
  0x00000000029a7000 JavaThread "Reference Handler" daemon [_thread_blocked, id=1272, stack(0x0000000016240000,0x0000000016340000)]
=>0x00000000027ad800 JavaThread "main" [_thread_in_vm, id=8760, stack(0x00000000027b0000,0x00000000028b0000)]

Other Threads:
  0x00000000150a7000 VMThread [stack: 0x0000000016140000,0x0000000016240000] [id=8656]

VM state:not at safepoint (normal execution)

VM Mutex/Monitor currently owned by a thread: None

Heap:
 PSYoungGen      total 18432K, used 8040K [0x00000000eb700000, 0x00000000ecb80000, 0x0000000100000000)
  eden space 15872K, 50% used [0x00000000eb700000,0x00000000ebeda158,0x00000000ec680000)
  from space 2560K, 0% used [0x00000000ec900000,0x00000000ec900000,0x00000000ecb80000)
  to   space 2560K, 0% used [0x00000000ec680000,0x00000000ec680000,0x00000000ec900000)
 ParOldGen       total 42496K, used 0K [0x00000000c2400000, 0x00000000c4d80000, 0x00000000eb700000)
  object space 42496K, 0% used [0x00000000c2400000,0x00000000c2400000,0x00000000c4d80000)
 Metaspace       used 6727K, capacity 6798K, committed 7040K, reserved 1058816K
  class space    used 804K, capacity 846K, committed 896K, reserved 1048576K

Card table byte_map: [0x0000000011f30000,0x0000000012120000] byte_map_base: 0x000000001191e000

Marking Bits: (ParMarkBitMap*) 0x00000000597b2d00
 Begin Bits: [0x0000000012670000, 0x00000000135e0000)
 End Bits:   [0x00000000135e0000, 0x0000000014550000)

Polling page: 0x0000000000b90000

CodeCache: size=245760Kb used=1642Kb max_used=1642Kb free=244118Kb
 bounds [0x0000000002b70000, 0x0000000002de0000, 0x0000000011b70000]
 total_blobs=715 nmethods=387 adapters=242
 compilation: enabled

Compilation events (10 events):
Event: 7.950 Thread 0x0000000016b4e000 nmethod 376 0x0000000002d02910 code [0x0000000002d02a60, 0x0000000002d02b70]
Event: 7.950 Thread 0x0000000016b4e000  380       1       java.util.AbstractList$Itr::hasNext (20 bytes)
Event: 7.950 Thread 0x0000000016b4e000 nmethod 380 0x0000000002d02bd0 code [0x0000000002d02d20, 0x0000000002d02e88]
Event: 7.950 Thread 0x0000000016b4e000  382       1       java.lang.invoke.LambdaForm$BasicType::basicTypeChar (5 bytes)
Event: 7.951 Thread 0x0000000016b4e000 nmethod 382 0x0000000002d02f10 code [0x0000000002d03060, 0x0000000002d03170]
Event: 7.951 Thread 0x0000000016b4e000  383       1       java.lang.invoke.LambdaForm$BasicType::access$100 (5 bytes)
Event: 7.951 Thread 0x0000000016b4e000 nmethod 383 0x0000000002d031d0 code [0x0000000002d03320, 0x0000000002d03410]
Event: 7.951 Thread 0x0000000016b4e000  381       1       java.lang.invoke.LambdaForm$Name::access$000 (5 bytes)
Event: 7.951 Thread 0x0000000016b4e000 nmethod 381 0x0000000002d03490 code [0x0000000002d035e0, 0x0000000002d036d0]
Event: 7.964 Thread 0x0000000016b4e000  384       1       jdk.internal.org.objectweb.asm.Frame::execute (2252 bytes)

GC Heap History (0 events):
No events

Deoptimization events (0 events):
No events

Classes redefined (0 events):
No events

Internal exceptions (10 events):
Event: 4.029 Thread 0x00000000027ad800 Exception <a 'java/lang/ArrayIndexOutOfBoundsException'> (0x00000000ebbeba98) thrown at [C:\re\workspace\8-2-build-windows-amd64-cygwin\jdk8u181\11358\hotspot\src\share\vm\runtime\sharedRuntime.cpp, line 605]
Event: 4.029 Thread 0x00000000027ad800 Exception <a 'java/lang/ArrayIndexOutOfBoundsException'> (0x00000000ebbed138) thrown at [C:\re\workspace\8-2-build-windows-amd64-cygwin\jdk8u181\11358\hotspot\src\share\vm\runtime\sharedRuntime.cpp, line 605]
Event: 4.031 Thread 0x00000000027ad800 Exception <a 'java/lang/ArrayIndexOutOfBoundsException'> (0x00000000ebbefa30) thrown at [C:\re\workspace\8-2-build-windows-amd64-cygwin\jdk8u181\11358\hotspot\src\share\vm\runtime\sharedRuntime.cpp, line 605]
Event: 4.081 Thread 0x00000000027ad800 Exception <a 'java/lang/ArrayIndexOutOfBoundsException'> (0x00000000ebc1ccd8) thrown at [C:\re\workspace\8-2-build-windows-amd64-cygwin\jdk8u181\11358\hotspot\src\share\vm\runtime\sharedRuntime.cpp, line 605]
Event: 4.101 Thread 0x00000000027ad800 Exception <a 'java/lang/ArrayIndexOutOfBoundsException'> (0x00000000ebc3d568) thrown at [C:\re\workspace\8-2-build-windows-amd64-cygwin\jdk8u181\11358\hotspot\src\share\vm\runtime\sharedRuntime.cpp, line 605]
Event: 4.396 Thread 0x00000000027ad800 Exception <a 'java/security/PrivilegedActionException'> (0x00000000ebc98b20) thrown at [C:\re\workspace\8-2-build-windows-amd64-cygwin\jdk8u181\11358\hotspot\src\share\vm\prims\jvm.cpp, line 1435]
Event: 4.396 Thread 0x00000000027ad800 Exception <a 'java/security/PrivilegedActionException'> (0x00000000ebc98d30) thrown at [C:\re\workspace\8-2-build-windows-amd64-cygwin\jdk8u181\11358\hotspot\src\share\vm\prims\jvm.cpp, line 1435]
Event: 4.397 Thread 0x00000000027ad800 Exception <a 'java/security/PrivilegedActionException'> (0x00000000ebc9cc40) thrown at [C:\re\workspace\8-2-build-windows-amd64-cygwin\jdk8u181\11358\hotspot\src\share\vm\prims\jvm.cpp, line 1435]
Event: 4.397 Thread 0x00000000027ad800 Exception <a 'java/security/PrivilegedActionException'> (0x00000000ebc9ce50) thrown at [C:\re\workspace\8-2-build-windows-amd64-cygwin\jdk8u181\11358\hotspot\src\share\vm\prims\jvm.cpp, line 1435]
Event: 7.692 Thread 0x00000000027ad800 Exception <a 'java/lang/ClassNotFoundException': javax/management/remote/rmi/RMIJRMPServerImpl$ExportedWrapper_Stub> (0x00000000ebdced58) thrown at [C:\re\workspace\8-2-build-windows-amd64-cygwin\jdk8u181\11358\hotspot\src\share\vm\classfile\systemDiction

Events (10 events):
Event: 7.934 loading class java/lang/invoke/MethodHandleImpl$AsVarargsCollector
Event: 7.934 loading class java/lang/invoke/DelegatingMethodHandle
Event: 7.934 loading class java/lang/invoke/DelegatingMethodHandle done
Event: 7.934 loading class java/lang/invoke/MethodHandleImpl$AsVarargsCollector done
Event: 7.936 loading class java/lang/invoke/WrongMethodTypeException
Event: 7.936 loading class java/lang/invoke/WrongMethodTypeException done
Event: 7.942 loading class java/lang/invoke/MethodHandleImpl$Lazy
Event: 7.942 loading class java/lang/invoke/MethodHandleImpl$Lazy done
Event: 7.943 loading class java/lang/invoke/MethodHandleImpl$IntrinsicMethodHandle
Event: 7.943 loading class java/lang/invoke/MethodHandleImpl$IntrinsicMethodHandle done


Dynamic libraries:
0x00007ff6fe8d0000 - 0x00007ff6fe907000 	C:\Program Files\Java\jdk1.8.0_181\bin\java.exe
0x00007ffa0f1c0000 - 0x00007ffa0f3b0000 	C:\WINDOWS\SYSTEM32\ntdll.dll
0x00007ffa06830000 - 0x00007ffa06844000 	C:\Program Files\AVAST Software\Avast\aswhook.dll
0x00007ffa0eaf0000 - 0x00007ffa0eba2000 	C:\WINDOWS\System32\KERNEL32.DLL
0x00007ffa0cf60000 - 0x00007ffa0d203000 	C:\WINDOWS\System32\KERNELBASE.dll
0x00007ffa0ea40000 - 0x00007ffa0eae3000 	C:\WINDOWS\System32\ADVAPI32.dll
0x00007ffa0d8c0000 - 0x00007ffa0d95e000 	C:\WINDOWS\System32\msvcrt.dll
0x00007ffa0d270000 - 0x00007ffa0d307000 	C:\WINDOWS\System32\sechost.dll
0x00007ffa0ecf0000 - 0x00007ffa0ee10000 	C:\WINDOWS\System32\RPCRT4.dll
0x00007ffa0d4d0000 - 0x00007ffa0d664000 	C:\WINDOWS\System32\USER32.dll
0x00007ffa0cdc0000 - 0x00007ffa0cde1000 	C:\WINDOWS\System32\win32u.dll
0x00007ffa0d670000 - 0x00007ffa0d696000 	C:\WINDOWS\System32\GDI32.dll
0x00007ffa0c150000 - 0x00007ffa0c2e4000 	C:\WINDOWS\System32\gdi32full.dll
0x00007ffa0cd20000 - 0x00007ffa0cdbe000 	C:\WINDOWS\System32\msvcp_win.dll
0x00007ffa0cbd0000 - 0x00007ffa0ccca000 	C:\WINDOWS\System32\ucrtbase.dll
0x00007ff9f3960000 - 0x00007ff9f3be5000 	C:\WINDOWS\WinSxS\amd64_microsoft.windows.common-controls_6595b64144ccf1df_6.0.18362.592_none_e6c0b1911312be02\COMCTL32.dll
0x00007ffa0deb0000 - 0x00007ffa0e1e6000 	C:\WINDOWS\System32\combase.dll
0x00007ffa0c3d0000 - 0x00007ffa0c450000 	C:\WINDOWS\System32\bcryptPrimitives.dll
0x00007ffa0eef0000 - 0x00007ffa0ef1e000 	C:\WINDOWS\System32\IMM32.DLL
0x0000000059840000 - 0x0000000059912000 	C:\Program Files\Java\jdk1.8.0_181\jre\bin\msvcr100.dll
0x0000000058f90000 - 0x0000000059832000 	C:\Program Files\Java\jdk1.8.0_181\jre\bin\server\jvm.dll
0x00007ffa0e270000 - 0x00007ffa0e278000 	C:\WINDOWS\System32\PSAPI.DLL
0x00007ff9fcdd0000 - 0x00007ff9fcdd9000 	C:\WINDOWS\SYSTEM32\WSOCK32.dll
0x00007ffa0d970000 - 0x00007ffa0d9df000 	C:\WINDOWS\System32\WS2_32.dll
0x00007ffa0a000000 - 0x00007ffa0a024000 	C:\WINDOWS\SYSTEM32\WINMM.dll
0x00007ffa05280000 - 0x00007ffa0528a000 	C:\WINDOWS\SYSTEM32\VERSION.dll
0x00007ffa09fd0000 - 0x00007ffa09ffd000 	C:\WINDOWS\SYSTEM32\WINMMBASE.dll
0x00007ffa0ccd0000 - 0x00007ffa0cd1a000 	C:\WINDOWS\System32\cfgmgr32.dll
0x0000000058f80000 - 0x0000000058f8f000 	C:\Program Files\Java\jdk1.8.0_181\jre\bin\verify.dll
0x0000000058f50000 - 0x0000000058f79000 	C:\Program Files\Java\jdk1.8.0_181\jre\bin\java.dll
0x0000000058f00000 - 0x0000000058f23000 	C:\Program Files\Java\jdk1.8.0_181\jre\bin\instrument.dll
0x0000000058f30000 - 0x0000000058f46000 	C:\Program Files\Java\jdk1.8.0_181\jre\bin\zip.dll
0x00007ffa0e350000 - 0x00007ffa0ea35000 	C:\WINDOWS\System32\SHELL32.dll
0x00007ffa0d370000 - 0x00007ffa0d419000 	C:\WINDOWS\System32\shcore.dll
0x00007ffa0c450000 - 0x00007ffa0cbcf000 	C:\WINDOWS\System32\windows.storage.dll
0x00007ffa0c0f0000 - 0x00007ffa0c10f000 	C:\WINDOWS\System32\profapi.dll
0x00007ffa0c0a0000 - 0x00007ffa0c0ea000 	C:\WINDOWS\System32\powrprof.dll
0x00007ffa0c090000 - 0x00007ffa0c0a0000 	C:\WINDOWS\System32\UMPDC.dll
0x00007ffa0e1f0000 - 0x00007ffa0e242000 	C:\WINDOWS\System32\shlwapi.dll
0x00007ffa0c130000 - 0x00007ffa0c141000 	C:\WINDOWS\System32\kernel.appcore.dll
0x00007ffa0cdf0000 - 0x00007ffa0ce07000 	C:\WINDOWS\System32\cryptsp.dll
0x00007ffa01ae0000 - 0x00007ffa01afa000 	C:\Program Files\JetBrains\IntelliJ IDEA 2018.3.2\bin\breakgen64.dll
0x0000000058ee0000 - 0x0000000058efa000 	C:\Program Files\Java\jdk1.8.0_181\jre\bin\net.dll
0x00007ffa0b8a0000 - 0x00007ffa0b907000 	C:\WINDOWS\system32\mswsock.dll
0x0000000058df0000 - 0x0000000058dfd000 	C:\Program Files\Java\jdk1.8.0_181\jre\bin\management.dll
0x0000000058dd0000 - 0x0000000058de1000 	C:\Program Files\Java\jdk1.8.0_181\jre\bin\nio.dll
0x00007ff9f6570000 - 0x00007ff9f6586000 	C:\WINDOWS\system32\napinsp.dll
0x00007ff9f6550000 - 0x00007ff9f656a000 	C:\WINDOWS\system32\pnrpnsp.dll
0x00007ffa0b5f0000 - 0x00007ffa0b6ba000 	C:\WINDOWS\SYSTEM32\DNSAPI.dll
0x00007ffa0d960000 - 0x00007ffa0d968000 	C:\WINDOWS\System32\NSI.dll
0x00007ffa0b5b0000 - 0x00007ffa0b5ea000 	C:\WINDOWS\SYSTEM32\IPHLPAPI.DLL
0x00007ff9f6540000 - 0x00007ff9f654e000 	C:\WINDOWS\System32\winrnr.dll
0x00007ffa088d0000 - 0x00007ffa088ec000 	C:\WINDOWS\system32\NLAapi.dll
0x00007ffa076b0000 - 0x00007ffa076c5000 	C:\WINDOWS\system32\wshbth.dll
0x00007ff9ff2b0000 - 0x00007ff9ff2ba000 	C:\Windows\System32\rasadhlp.dll
0x00007ffa02f10000 - 0x00007ffa02f87000 	C:\WINDOWS\System32\fwpuclnt.dll
0x00007ffa0c2f0000 - 0x00007ffa0c316000 	C:\WINDOWS\System32\bcrypt.dll
0x00007ffa0b410000 - 0x00007ffa0b443000 	C:\WINDOWS\system32\rsaenh.dll
0x00007ffa0bf80000 - 0x00007ffa0bfa5000 	C:\WINDOWS\SYSTEM32\USERENV.dll
0x00007ffa0ba70000 - 0x00007ffa0ba7c000 	C:\WINDOWS\SYSTEM32\CRYPTBASE.dll
0x00007ffa03130000 - 0x00007ffa03146000 	C:\WINDOWS\SYSTEM32\dhcpcsvc6.DLL
0x00007ffa03230000 - 0x00007ffa0324c000 	C:\WINDOWS\SYSTEM32\dhcpcsvc.DLL

VM Arguments:
jvm_args: -XX:TieredStopAtLevel=1 -Xverify:none -Dspring.output.ansi.enabled=always -Dcom.sun.management.jmxremote -Dcom.sun.management.jmxremote.port=54579 -Dcom.sun.management.jmxremote.authenticate=false -Dcom.sun.management.jmxremote.ssl=false -Djava.rmi.server.hostname=localhost -Dspring.liveBeansView.mbeanDomain -Dspring.application.admin.enabled=true -javaagent:C:\Program Files\JetBrains\IntelliJ IDEA 2018.3.2\lib\idea_rt.jar=54581:C:\Program Files\JetBrains\IntelliJ IDEA 2018.3.2\bin -Dfile.encoding=UTF-8 
java_command: org.itstep.msk.app.AppApplication
java_class_path (initial): C:\Program Files\Java\jdk1.8.0_181\jre\lib\charsets.jar;C:\Program Files\Java\jdk1.8.0_181\jre\lib\deploy.jar;C:\Program Files\Java\jdk1.8.0_181\jre\lib\ext\access-bridge-64.jar;C:\Program Files\Java\jdk1.8.0_181\jre\lib\ext\cldrdata.jar;C:\Program Files\Java\jdk1.8.0_181\jre\lib\ext\dnsns.jar;C:\Program Files\Java\jdk1.8.0_181\jre\lib\ext\jaccess.jar;C:\Program Files\Java\jdk1.8.0_181\jre\lib\ext\jfxrt.jar;C:\Program Files\Java\jdk1.8.0_181\jre\lib\ext\localedata.jar;C:\Program Files\Java\jdk1.8.0_181\jre\lib\ext\nashorn.jar;C:\Program Files\Java\jdk1.8.0_181\jre\lib\ext\sunec.jar;C:\Program Files\Java\jdk1.8.0_181\jre\lib\ext\sunjce_provider.jar;C:\Program Files\Java\jdk1.8.0_181\jre\lib\ext\sunmscapi.jar;C:\Program Files\Java\jdk1.8.0_181\jre\lib\ext\sunpkcs11.jar;C:\Program Files\Java\jdk1.8.0_181\jre\lib\ext\zipfs.jar;C:\Program Files\Java\jdk1.8.0_181\jre\lib\javaws.jar;C:\Program Files\Java\jdk1.8.0_181\jre\lib\jce.jar;C:\Program Files\Java\jdk1.8.0_181\jre\lib\jfr.jar;C:\Program Files\Java\jdk1.8.0_181\jre\lib\jfxswt.jar;C:\Program Files\Java\jdk1.8.0_181\jre\lib\jsse.jar;C:\Program Files\Java\jdk1.8.0_181\jre\lib\management-agent.jar;C:\Program Files\Java\jdk1.8.0_181\jre\lib\plugin.jar;C:\Program Files\Java\jdk1.8.0_181\jre\lib\resources.jar;C:\Program Files\Java\jdk1.8.0_181\jre\lib\rt.jar;C:\Users\user\Documents\myproject\target\classes;C:\Users\user\.m2\repository\org\springframework\boot\spring-boot-starter-data-jpa\2.1.8.RELEASE\spring-boot-starter-data-jpa-2.1.8.RELEASE.jar;C:\Users\user\.m2\repository\org\springframework\boot\spring-boot-starter-aop\2.1.8.RELEASE\spring-boot-starter-aop-2.1.8.RELEASE.jar;C:\Users\user\.m2\repository\org\aspectj\aspectjweaver\1.9.4\aspectjweaver-1.9.4.jar;C:\Users\user\.m2\repository\org\springframework\boot\spring-boot-starter-jdbc\2.1.8.RELEASE\spring-boot-starter-jdbc-2.1.8.RELEASE.jar;C:\Users\user\.m2\repository\com\zaxxer\HikariCP\3.2.0\HikariCP-3.2.0.jar;C:\Users\user\.m2\repositor
Launcher Type: SUN_STANDARD

Environment Variables:
PATH=C:\Program Files (x86)\NVIDIA Corporation\PhysX\Common;C:\Program Files (x86)\Common Files\Oracle\Java\javapath;C:\WINDOWS\system32;C:\WINDOWS;C:\WINDOWS\System32\Wbem;C:\WINDOWS\System32\WindowsPowerShell\v1.0\;C:\Program Files (x86)\ATI Technologies\ATI.ACE\Core-Static;C:\WINDOWS\System32\OpenSSH\;C:\Users\user\AppData\Local\Microsoft\WindowsApps;
USERNAME=user
OS=Windows_NT
PROCESSOR_IDENTIFIER=Intel64 Family 6 Model 37 Stepping 2, GenuineIntel



---------------  S Y S T E M  ---------------

OS: Windows 10.0 , 64 bit Build 18362 (10.0.18362.329)

CPU:total 4 (initial active 4) (2 cores per cpu, 2 threads per core) family 6 model 37 stepping 2, cmov, cx8, fxsr, mmx, sse, sse2, sse3, ssse3, sse4.1, sse4.2, popcnt, ht, tsc, tscinvbit

Memory: 4k page, physical 4044896k(428000k free), swap 6092896k(1860k free)

vm_info: Java HotSpot(TM) 64-Bit Server VM (25.181-b13) for windows-amd64 JRE (1.8.0_181-b13), built on Jul  7 2018 04:01:33 by "java_re" with MS VC++ 10.0 (VS2010)

time: Fri Jan 31 16:21:10 2020
elapsed time: 8 seconds (0d 0h 0m 8s)

