#
# There is insufficient memory for the Java Runtime Environment to continue.
# Native memory allocation (malloc) failed to allocate 32744 bytes for ChunkPool::allocate
# Possible reasons:
#   The system is out of physical RAM or swap space
#   In 32 bit mode, the process size limit was hit
# Possible solutions:
#   Reduce memory load on the system
#   Increase physical memory or swap space
#   Check if swap backing store is full
#   Use 64 bit Java on a 64 bit OS
#   Decrease Java heap size (-Xmx/-Xms)
#   Decrease number of Java threads
#   Decrease Java thread stack sizes (-Xss)
#   Set larger code cache with -XX:ReservedCodeCacheSize=
# This output file may be truncated or incomplete.
#
#  Out of Memory Error (allocation.cpp:273), pid=212, tid=0x00000000000026ac
#
# JRE version: Java(TM) SE Runtime Environment (8.0_181-b13) (build 1.8.0_181-b13)
# Java VM: Java HotSpot(TM) 64-Bit Server VM (25.181-b13 mixed mode windows-amd64 compressed oops)
# Failed to write core dump. Minidumps are not enabled by default on client versions of Windows
#

---------------  T H R E A D  ---------------

Current thread (0x0000000016fe9800):  JavaThread "restartedMain" [_thread_in_vm, id=9900, stack(0x00000000188f0000,0x00000000189f0000)]

Stack: [0x00000000188f0000,0x00000000189f0000]
[error occurred during error reporting (printing stack bounds), id 0xc0000005]

Native frames: (J=compiled Java code, j=interpreted, Vv=VM code, C=native code)

Java frames: (J=compiled Java code, j=interpreted, Vv=VM code)
J 726  java.lang.ClassLoader.defineClass1(Ljava/lang/String;[BIILjava/security/ProtectionDomain;Ljava/lang/String;)Ljava/lang/Class; (0 bytes) @ 0x0000000002bea51f [0x0000000002bea480+0x9f]
J 4095 C2 java.lang.ClassLoader.defineClass(Ljava/lang/String;[BIILjava/security/ProtectionDomain;)Ljava/lang/Class; (43 bytes) @ 0x000000000357d91c [0x000000000357d400+0x51c]
J 4231 C2 java.security.SecureClassLoader.defineClass(Ljava/lang/String;[BIILjava/security/CodeSource;)Ljava/lang/Class; (16 bytes) @ 0x000000000365e568 [0x000000000365dfa0+0x5c8]
J 4098 C2 java.net.URLClassLoader$1.run()Ljava/lang/Object; (5 bytes) @ 0x0000000003630318 [0x000000000362dbe0+0x2738]
v  ~StubRoutines::call_stub
J 171  java.security.AccessController.doPrivileged(Ljava/security/PrivilegedExceptionAction;Ljava/security/AccessControlContext;)Ljava/lang/Object; (0 bytes) @ 0x0000000002a6dde6 [0x0000000002a6dd80+0x66]
J 2058 C2 java.net.URLClassLoader.findClass(Ljava/lang/String;)Ljava/lang/Class; (47 bytes) @ 0x0000000003054fb0 [0x0000000003054f20+0x90]
J 4335 C2 sun.misc.Launcher$AppClassLoader.loadClass(Ljava/lang/String;Z)Ljava/lang/Class; (85 bytes) @ 0x00000000036ad630 [0x00000000036aca80+0xbb0]
J 1990 C2 java.lang.ClassLoader.loadClass(Ljava/lang/String;)Ljava/lang/Class; (7 bytes) @ 0x000000000300f5c0 [0x000000000300f580+0x40]
v  ~StubRoutines::call_stub
j  org.springframework.security.crypto.factory.PasswordEncoderFactories.createDelegatingPasswordEncoder()Lorg/springframework/security/crypto/password/PasswordEncoder;+159
j  org.springframework.security.authentication.dao.DaoAuthenticationProvider.<init>()V+5
j  org.springframework.security.config.annotation.authentication.configurers.userdetails.AbstractDaoAuthenticationConfigurer.<init>(Lorg/springframework/security/core/userdetails/UserDetailsService;)V+9
j  org.springframework.security.config.annotation.authentication.configurers.userdetails.UserDetailsServiceConfigurer.<init>(Lorg/springframework/security/core/userdetails/UserDetailsService;)V+2
j  org.springframework.security.config.annotation.authentication.configurers.provisioning.UserDetailsManagerConfigurer.<init>(Lorg/springframework/security/provisioning/UserDetailsManager;)V+2
j  org.springframework.security.config.annotation.authentication.configurers.provisioning.JdbcUserDetailsManagerConfigurer.<init>(Lorg/springframework/security/provisioning/JdbcUserDetailsManager;)V+2
j  org.springframework.security.config.annotation.authentication.configurers.provisioning.JdbcUserDetailsManagerConfigurer.<init>()V+8
j  org.springframework.security.config.annotation.authentication.builders.AuthenticationManagerBuilder.jdbcAuthentication()Lorg/springframework/security/config/annotation/authentication/configurers/provisioning/JdbcUserDetailsManagerConfigurer;+5
j  org.springframework.security.config.annotation.web.configuration.WebSecurityConfigurerAdapter$DefaultPasswordEncoderAuthenticationManagerBuilder.jdbcAuthentication()Lorg/springframework/security/config/annotation/authentication/configurers/provisioning/JdbcUserDetailsManagerConfigurer;+1
j  org.itstep.msk.app.Configuration.SecurConfigurationForApp.configure(Lorg/springframework/security/config/annotation/authentication/builders/AuthenticationManagerBuilder;)V+7
j  org.springframework.security.config.annotation.web.configuration.WebSecurityConfigurerAdapter.authenticationManager()Lorg/springframework/security/authentication/AuthenticationManager;+12
j  org.springframework.security.config.annotation.web.configuration.WebSecurityConfigurerAdapter.getHttp()Lorg/springframework/security/config/annotation/web/builders/HttpSecurity;+42
j  org.springframework.security.config.annotation.web.configuration.WebSecurityConfigurerAdapter.init(Lorg/springframework/security/config/annotation/web/builders/WebSecurity;)V+1
j  org.springframework.security.config.annotation.web.configuration.WebSecurityConfigurerAdapter.init(Lorg/springframework/security/config/annotation/SecurityBuilder;)V+5
j  org.itstep.msk.app.Configuration.SecurConfigurationForApp$$EnhancerBySpringCGLIB$$70c18c12.init(Lorg/springframework/security/config/annotation/SecurityBuilder;)V+2
j  org.springframework.security.config.annotation.AbstractConfiguredSecurityBuilder.init()V+33
j  org.springframework.security.config.annotation.AbstractConfiguredSecurityBuilder.doBuild()Ljava/lang/Object;+19
j  org.springframework.security.config.annotation.AbstractSecurityBuilder.build()Ljava/lang/Object;+14
j  org.springframework.security.config.annotation.web.configuration.WebSecurityConfiguration.springSecurityFilterChain()Ljavax/servlet/Filter;+63
j  org.springframework.security.config.annotation.web.configuration.WebSecurityConfiguration$$EnhancerBySpringCGLIB$$888c8825.CGLIB$springSecurityFilterChain$2()Ljavax/servlet/Filter;+1
j  org.springframework.security.config.annotation.web.configuration.WebSecurityConfiguration$$EnhancerBySpringCGLIB$$888c8825$$FastClassBySpringCGLIB$$7f635619.invoke(ILjava/lang/Object;[Ljava/lang/Object;)Ljava/lang/Object;+184
j  org.springframework.cglib.proxy.MethodProxy.invokeSuper(Ljava/lang/Object;[Ljava/lang/Object;)Ljava/lang/Object;+19
j  org.springframework.context.annotation.ConfigurationClassEnhancer$BeanMethodInterceptor.intercept(Ljava/lang/Object;Ljava/lang/reflect/Method;[Ljava/lang/Object;Lorg/springframework/cglib/proxy/MethodProxy;)Ljava/lang/Object;+207
j  org.springframework.security.config.annotation.web.configuration.WebSecurityConfiguration$$EnhancerBySpringCGLIB$$888c8825.springSecurityFilterChain()Ljavax/servlet/Filter;+31
v  ~StubRoutines::call_stub
J 1676  sun.reflect.NativeMethodAccessorImpl.invoke0(Ljava/lang/reflect/Method;Ljava/lang/Object;[Ljava/lang/Object;)Ljava/lang/Object; (0 bytes) @ 0x0000000002e7a4bf [0x0000000002e7a440+0x7f]
J 1547 C1 sun.reflect.NativeMethodAccessorImpl.invoke(Ljava/lang/Object;[Ljava/lang/Object;)Ljava/lang/Object; (104 bytes) @ 0x0000000002e2ba64 [0x0000000002e2a8c0+0x11a4]
J 4347 C2 java.lang.reflect.Method.invoke(Ljava/lang/Object;[Ljava/lang/Object;)Ljava/lang/Object; (62 bytes) @ 0x0000000003692e70 [0x0000000003692dc0+0xb0]
j  org.springframework.beans.factory.support.SimpleInstantiationStrategy.instantiate(Lorg/springframework/beans/factory/support/RootBeanDefinition;Ljava/lang/String;Lorg/springframework/beans/factory/BeanFactory;Ljava/lang/Object;Ljava/lang/reflect/Method;[Ljava/lang/Object;)Ljava/lang/Object;+50
j  org.springframework.beans.factory.support.ConstructorResolver.instantiate(Ljava/lang/String;Lorg/springframework/beans/factory/support/RootBeanDefinition;Ljava/lang/Object;Ljava/lang/reflect/Method;[Ljava/lang/Object;)Ljava/lang/Object;+48
j  org.springframework.beans.factory.support.ConstructorResolver.instantiateUsingFactoryMethod(Ljava/lang/String;Lorg/springframework/beans/factory/support/RootBeanDefinition;[Ljava/lang/Object;)Lorg/springframework/beans/BeanWrapper;+439
j  org.springframework.beans.factory.support.AbstractAutowireCapableBeanFactory.instantiateUsingFactoryMethod(Ljava/lang/String;Lorg/springframework/beans/factory/support/RootBeanDefinition;[Ljava/lang/Object;)Lorg/springframework/beans/BeanWrapper;+11
j  org.springframework.beans.factory.support.AbstractAutowireCapableBeanFactory.createBeanInstance(Ljava/lang/String;Lorg/springframework/beans/factory/support/RootBeanDefinition;[Ljava/lang/Object;)Lorg/springframework/beans/BeanWrapper;+101
j  org.springframework.beans.factory.support.AbstractAutowireCapableBeanFactory.doCreateBean(Ljava/lang/String;Lorg/springframework/beans/factory/support/RootBeanDefinition;[Ljava/lang/Object;)Ljava/lang/Object;+34
j  org.springframework.beans.factory.support.AbstractAutowireCapableBeanFactory.createBean(Ljava/lang/String;Lorg/springframework/beans/factory/support/RootBeanDefinition;[Ljava/lang/Object;)Ljava/lang/Object;+169
j  org.springframework.beans.factory.support.AbstractBeanFactory.lambda$doGetBean$0(Ljava/lang/String;Lorg/springframework/beans/factory/support/RootBeanDefinition;[Ljava/lang/Object;)Ljava/lang/Object;+4
j  org.springframework.beans.factory.support.AbstractBeanFactory$$Lambda$105.getObject()Ljava/lang/Object;+16
j  org.springframework.beans.factory.support.DefaultSingletonBeanRegistry.getSingleton(Ljava/lang/String;Lorg/springframework/beans/factory/ObjectFactory;)Ljava/lang/Object;+132
J 2488 C1 org.springframework.beans.factory.support.AbstractBeanFactory.doGetBean(Ljava/lang/String;Ljava/lang/Class;[Ljava/lang/Object;Z)Ljava/lang/Object; (833 bytes) @ 0x00000000031fa4a4 [0x00000000031f8300+0x21a4]
J 2488 C1 org.springframework.beans.factory.support.AbstractBeanFactory.doGetBean(Ljava/lang/String;Ljava/lang/Class;[Ljava/lang/Object;Z)Ljava/lang/Object; (833 bytes) @ 0x00000000031f99ac [0x00000000031f8300+0x16ac]
j  org.springframework.beans.factory.support.AbstractBeanFactory.getBean(Ljava/lang/String;)Ljava/lang/Object;+5
j  org.springframework.beans.factory.support.DefaultListableBeanFactory.preInstantiateSingletons()V+248
j  org.springframework.context.support.AbstractApplicationContext.finishBeanFactoryInitialization(Lorg/springframework/beans/factory/config/ConfigurableListableBeanFactory;)V+124
j  org.springframework.context.support.AbstractApplicationContext.refresh()V+54
j  org.springframework.boot.web.servlet.context.ServletWebServerApplicationContext.refresh()V+1
j  org.springframework.boot.SpringApplication.refresh(Lorg/springframework/context/ApplicationContext;)V+10
j  org.springframework.boot.SpringApplication.refreshContext(Lorg/springframework/context/ConfigurableApplicationContext;)V+2
j  org.springframework.boot.SpringApplication.run([Ljava/lang/String;)Lorg/springframework/context/ConfigurableApplicationContext;+118
j  org.springframework.boot.SpringApplication.run([Ljava/lang/Class;[Ljava/lang/String;)Lorg/springframework/context/ConfigurableApplicationContext;+9
j  org.springframework.boot.SpringApplication.run(Ljava/lang/Class;[Ljava/lang/String;)Lorg/springframework/context/ConfigurableApplicationContext;+9
j  org.itstep.msk.app.AppApplication.main([Ljava/lang/String;)V+3
v  ~StubRoutines::call_stub
j  sun.reflect.NativeMethodAccessorImpl.invoke0(Ljava/lang/reflect/Method;Ljava/lang/Object;[Ljava/lang/Object;)Ljava/lang/Object;+0
j  sun.reflect.NativeMethodAccessorImpl.invoke(Ljava/lang/Object;[Ljava/lang/Object;)Ljava/lang/Object;+100
j  sun.reflect.DelegatingMethodAccessorImpl.invoke(Ljava/lang/Object;[Ljava/lang/Object;)Ljava/lang/Object;+6
j  java.lang.reflect.Method.invoke(Ljava/lang/Object;[Ljava/lang/Object;)Ljava/lang/Object;+56
j  org.springframework.boot.devtools.restart.RestartLauncher.run()V+41
v  ~StubRoutines::call_stub

---------------  P R O C E S S  ---------------

Java Threads: ( => current thread )
  0x0000000019f4e000 JavaThread "Live Reload Server" daemon [_thread_in_native, id=3180, stack(0x000000001fd40000,0x000000001fe40000)]
  0x0000000019f4d000 JavaThread "HikariPool-1 housekeeper" daemon [_thread_blocked, id=5480, stack(0x000000001f230000,0x000000001f330000)]
  0x0000000019f48800 JavaThread "Abandoned connection cleanup thread" daemon [_thread_blocked, id=1236, stack(0x000000001e910000,0x000000001ea10000)]
  0x0000000019f4b800 JavaThread "container-0" [_thread_blocked, id=7636, stack(0x000000001d3f0000,0x000000001d4f0000)]
  0x0000000019f4b000 JavaThread "Catalina-utility-2" [_thread_blocked, id=8832, stack(0x000000001cea0000,0x000000001cfa0000)]
  0x0000000019f4f800 JavaThread "Catalina-utility-1" [_thread_blocked, id=10892, stack(0x000000001aa00000,0x000000001ab00000)]
=>0x0000000016fe9800 JavaThread "restartedMain" [_thread_in_vm, id=9900, stack(0x00000000188f0000,0x00000000189f0000)]
  0x000000001707b800 JavaThread "Thread-0" [_thread_blocked, id=2628, stack(0x00000000187f0000,0x00000000188f0000)]
  0x0000000016ad7800 JavaThread "Service Thread" daemon [_thread_blocked, id=1764, stack(0x00000000174d0000,0x00000000175d0000)]
  0x0000000016aac000 JavaThread "C1 CompilerThread2" daemon [_thread_blocked, id=7252, stack(0x00000000173d0000,0x00000000174d0000)]
  0x0000000016a5f800 JavaThread "C2 CompilerThread1" daemon [_thread_in_native, id=7944, stack(0x00000000172d0000,0x00000000173d0000)]
  0x0000000016a5e800 JavaThread "C2 CompilerThread0" daemon [_thread_in_native, id=5864, stack(0x00000000171d0000,0x00000000172d0000)]
  0x00000000169e0000 JavaThread "Monitor Ctrl-Break" daemon [_thread_in_native, id=368, stack(0x00000000170d0000,0x00000000171d0000)]
  0x0000000014e5d000 JavaThread "Attach Listener" daemon [_thread_blocked, id=10012, stack(0x00000000163d0000,0x00000000164d0000)]
  0x0000000014e5c000 JavaThread "Signal Dispatcher" daemon [_thread_blocked, id=10668, stack(0x00000000162d0000,0x00000000163d0000)]
  0x0000000014e4a000 JavaThread "Finalizer" daemon [_thread_blocked, id=7416, stack(0x00000000160c0000,0x00000000161c0000)]
  0x0000000014e29000 JavaThread "Reference Handler" daemon [_thread_blocked, id=6784, stack(0x0000000015fc0000,0x00000000160c0000)]
  0x00000000024fe000 JavaThread "main" [_thread_blocked, id=4952, stack(0x00000000025f0000,0x00000000026f0000)]

Other Threads:
  0x0000000014e27000 VMThread [stack: 0x0000000015ec0000,0x0000000015fc0000] [id=9692]
  0x0000000016b3f000 WatcherThread [stack: 0x0000000017720000,0x0000000017820000] [id=6780]

VM state:not at safepoint (normal execution)

VM Mutex/Monitor currently owned by a thread: None

Heap:
 PSYoungGen      total 143872K, used 45635K [0x00000000eb700000, 0x00000000f5600000, 0x0000000100000000)
  eden space 126976K, 35% used [0x00000000eb700000,0x00000000ee390e58,0x00000000f3300000)
  from space 16896K, 0% used [0x00000000f4580000,0x00000000f4580000,0x00000000f5600000)
  to   space 17920K, 0% used [0x00000000f3300000,0x00000000f3300000,0x00000000f4480000)
 ParOldGen       total 114688K, used 24266K [0x00000000c2400000, 0x00000000c9400000, 0x00000000eb700000)
  object space 114688K, 21% used [0x00000000c2400000,0x00000000c3bb2860,0x00000000c9400000)
 Metaspace       used 61784K, capacity 64344K, committed 64636K, reserved 1107968K
  class space    used 8612K, capacity 9070K, committed 9136K, reserved 1048576K

Card table byte_map: [0x0000000011cb0000,0x0000000011ea0000] byte_map_base: 0x000000001169e000

Marking Bits: (ParMarkBitMap*) 0x000000005be32d00
 Begin Bits: [0x00000000123f0000, 0x0000000013360000)
 End Bits:   [0x0000000013360000, 0x00000000142d0000)

Polling page: 0x0000000000a90000

CodeCache: size=245760Kb used=15964Kb max_used=15977Kb free=229795Kb
 bounds [0x00000000028f0000, 0x00000000038a0000, 0x00000000118f0000]
 total_blobs=4942 nmethods=4379 adapters=476
 compilation: enabled

Compilation events (10 events):
Event: 58.924 Thread 0x0000000016aac000 5008   !   3       org.springframework.beans.factory.annotation.AutowiredAnnotationBeanPostProcessor::findAutowiringMetadata (124 bytes)
Event: 58.929 Thread 0x0000000016aac000 nmethod 5008 0x00000000034fc810 code [0x00000000034fca40, 0x00000000034fd8d8]
Event: 59.020 Thread 0x0000000016aac000 5010       3       org.springframework.aop.framework.autoproxy.AbstractBeanFactoryAwareAdvisingPostProcessor::isEligible (26 bytes)
Event: 59.022 Thread 0x0000000016aac000 nmethod 5010 0x00000000034fc050 code [0x00000000034fc1e0, 0x00000000034fc658]
Event: 59.022 Thread 0x0000000016aac000 5011       3       org.springframework.aop.framework.AbstractAdvisingBeanPostProcessor::isEligible (9 bytes)
Event: 59.022 Thread 0x0000000016aac000 nmethod 5011 0x0000000002f832d0 code [0x0000000002f83440, 0x0000000002f836e8]
Event: 59.027 Thread 0x0000000016aac000 5012       3       org.springframework.aop.framework.autoproxy.ProxyCreationContext::setCurrentProxiedBeanName (21 bytes)
Event: 59.029 Thread 0x0000000016aac000 nmethod 5012 0x000000000387e910 code [0x000000000387eae0, 0x000000000387f3a8]
Event: 59.029 Thread 0x0000000016aac000 5013   !   3       org.springframework.beans.factory.annotation.InitDestroyAnnotationBeanPostProcessor::findLifecycleMetadata (87 bytes)
Event: 59.031 Thread 0x0000000016aac000 nmethod 5013 0x00000000033e0d50 code [0x00000000033e0f20, 0x00000000033e1788]

GC Heap History (10 events):
Event: 35.323 GC heap before
{Heap before GC invocations=14 (full 3):
 PSYoungGen      total 128512K, used 1158K [0x00000000eb700000, 0x00000000f4480000, 0x0000000100000000)
  eden space 120832K, 0% used [0x00000000eb700000,0x00000000eb700000,0x00000000f2d00000)
  from space 7680K, 15% used [0x00000000f2d00000,0x00000000f2e21bf0,0x00000000f3480000)
  to   space 9216K, 0% used [0x00000000f3b80000,0x00000000f3b80000,0x00000000f4480000)
 ParOldGen       total 55808K, used 17191K [0x00000000c2400000, 0x00000000c5a80000, 0x00000000eb700000)
  object space 55808K, 30% used [0x00000000c2400000,0x00000000c34c9c50,0x00000000c5a80000)
 Metaspace       used 34978K, capacity 36660K, committed 36784K, reserved 1085440K
  class space    used 4623K, capacity 4968K, committed 5040K, reserved 1048576K
Event: 35.568 GC heap after
Heap after GC invocations=14 (full 3):
 PSYoungGen      total 128512K, used 0K [0x00000000eb700000, 0x00000000f4480000, 0x0000000100000000)
  eden space 120832K, 0% used [0x00000000eb700000,0x00000000eb700000,0x00000000f2d00000)
  from space 7680K, 0% used [0x00000000f2d00000,0x00000000f2d00000,0x00000000f3480000)
  to   space 9216K, 0% used [0x00000000f3b80000,0x00000000f3b80000,0x00000000f4480000)
 ParOldGen       total 55808K, used 14259K [0x00000000c2400000, 0x00000000c5a80000, 0x00000000eb700000)
  object space 55808K, 25% used [0x00000000c2400000,0x00000000c31ecd28,0x00000000c5a80000)
 Metaspace       used 34978K, capacity 36660K, committed 36784K, reserved 1083392K
  class space    used 4623K, capacity 4968K, committed 5040K, reserved 1048576K
}
Event: 45.289 GC heap before
{Heap before GC invocations=15 (full 3):
 PSYoungGen      total 128512K, used 120832K [0x00000000eb700000, 0x00000000f4480000, 0x0000000100000000)
  eden space 120832K, 100% used [0x00000000eb700000,0x00000000f2d00000,0x00000000f2d00000)
  from space 7680K, 0% used [0x00000000f2d00000,0x00000000f2d00000,0x00000000f3480000)
  to   space 9216K, 0% used [0x00000000f3b80000,0x00000000f3b80000,0x00000000f4480000)
 ParOldGen       total 55808K, used 14259K [0x00000000c2400000, 0x00000000c5a80000, 0x00000000eb700000)
  object space 55808K, 25% used [0x00000000c2400000,0x00000000c31ecd28,0x00000000c5a80000)
 Metaspace       used 47199K, capacity 49202K, committed 49584K, reserved 1093632K
  class space    used 6388K, capacity 6763K, committed 6832K, reserved 1048576K
Event: 45.320 GC heap after
Heap after GC invocations=15 (full 3):
 PSYoungGen      total 130048K, used 9210K [0x00000000eb700000, 0x00000000f4480000, 0x0000000100000000)
  eden space 120832K, 0% used [0x00000000eb700000,0x00000000eb700000,0x00000000f2d00000)
  from space 9216K, 99% used [0x00000000f3b80000,0x00000000f447e9f0,0x00000000f4480000)
  to   space 7680K, 0% used [0x00000000f2d00000,0x00000000f2d00000,0x00000000f3480000)
 ParOldGen       total 55808K, used 19943K [0x00000000c2400000, 0x00000000c5a80000, 0x00000000eb700000)
  object space 55808K, 35% used [0x00000000c2400000,0x00000000c3779f18,0x00000000c5a80000)
 Metaspace       used 47199K, capacity 49202K, committed 49584K, reserved 1093632K
  class space    used 6388K, capacity 6763K, committed 6832K, reserved 1048576K
}
Event: 54.075 GC heap before
{Heap before GC invocations=16 (full 3):
 PSYoungGen      total 130048K, used 130042K [0x00000000eb700000, 0x00000000f4480000, 0x0000000100000000)
  eden space 120832K, 100% used [0x00000000eb700000,0x00000000f2d00000,0x00000000f2d00000)
  from space 9216K, 99% used [0x00000000f3b80000,0x00000000f447e9f0,0x00000000f4480000)
  to   space 7680K, 0% used [0x00000000f2d00000,0x00000000f2d00000,0x00000000f3480000)
 ParOldGen       total 55808K, used 19943K [0x00000000c2400000, 0x00000000c5a80000, 0x00000000eb700000)
  object space 55808K, 35% used [0x00000000c2400000,0x00000000c3779f18,0x00000000c5a80000)
 Metaspace       used 57092K, capacity 59658K, committed 59824K, reserved 1101824K
  class space    used 7910K, capacity 8349K, committed 8368K, reserved 1048576K
Event: 54.144 GC heap after
Heap after GC invocations=16 (full 3):
 PSYoungGen      total 128512K, used 7671K [0x00000000eb700000, 0x00000000f5780000, 0x0000000100000000)
  eden space 120832K, 0% used [0x00000000eb700000,0x00000000eb700000,0x00000000f2d00000)
  from space 7680K, 99% used [0x00000000f2d00000,0x00000000f347de10,0x00000000f3480000)
  to   space 18432K, 0% used [0x00000000f4580000,0x00000000f4580000,0x00000000f5780000)
 ParOldGen       total 55808K, used 29290K [0x00000000c2400000, 0x00000000c5a80000, 0x00000000eb700000)
  object space 55808K, 52% used [0x00000000c2400000,0x00000000c409aaf8,0x00000000c5a80000)
 Metaspace       used 57092K, capacity 59658K, committed 59824K, reserved 1101824K
  class space    used 7910K, capacity 8349K, committed 8368K, reserved 1048576K
}
Event: 57.057 GC heap before
{Heap before GC invocations=17 (full 3):
 PSYoungGen      total 128512K, used 29975K [0x00000000eb700000, 0x00000000f5780000, 0x0000000100000000)
  eden space 120832K, 18% used [0x00000000eb700000,0x00000000eccc8000,0x00000000f2d00000)
  from space 7680K, 99% used [0x00000000f2d00000,0x00000000f347de10,0x00000000f3480000)
  to   space 18432K, 0% used [0x00000000f4580000,0x00000000f4580000,0x00000000f5780000)
 ParOldGen       total 55808K, used 29290K [0x00000000c2400000, 0x00000000c5a80000, 0x00000000eb700000)
  object space 55808K, 52% used [0x00000000c2400000,0x00000000c409aaf8,0x00000000c5a80000)
 Metaspace       used 58639K, capacity 61158K, committed 61308K, reserved 1103872K
  class space    used 8141K, capacity 8597K, committed 8624K, reserved 1048576K
Event: 57.078 GC heap after
Heap after GC invocations=17 (full 3):
 PSYoungGen      total 143872K, used 1808K [0x00000000eb700000, 0x00000000f5600000, 0x0000000100000000)
  eden space 126976K, 0% used [0x00000000eb700000,0x00000000eb700000,0x00000000f3300000)
  from space 16896K, 10% used [0x00000000f4580000,0x00000000f4744298,0x00000000f5600000)
  to   space 17920K, 0% used [0x00000000f3300000,0x00000000f3300000,0x00000000f4480000)
 ParOldGen       total 55808K, used 32610K [0x00000000c2400000, 0x00000000c5a80000, 0x00000000eb700000)
  object space 55808K, 58% used [0x00000000c2400000,0x00000000c43d8b18,0x00000000c5a80000)
 Metaspace       used 58639K, capacity 61158K, committed 61308K, reserved 1103872K
  class space    used 8141K, capacity 8597K, committed 8624K, reserved 1048576K
}
Event: 57.078 GC heap before
{Heap before GC invocations=18 (full 4):
 PSYoungGen      total 143872K, used 1808K [0x00000000eb700000, 0x00000000f5600000, 0x0000000100000000)
  eden space 126976K, 0% used [0x00000000eb700000,0x00000000eb700000,0x00000000f3300000)
  from space 16896K, 10% used [0x00000000f4580000,0x00000000f4744298,0x00000000f5600000)
  to   space 17920K, 0% used [0x00000000f3300000,0x00000000f3300000,0x00000000f4480000)
 ParOldGen       total 55808K, used 32610K [0x00000000c2400000, 0x00000000c5a80000, 0x00000000eb700000)
  object space 55808K, 58% used [0x00000000c2400000,0x00000000c43d8b18,0x00000000c5a80000)
 Metaspace       used 58639K, capacity 61158K, committed 61308K, reserved 1103872K
  class space    used 8141K, capacity 8597K, committed 8624K, reserved 1048576K
Event: 57.361 GC heap after
Heap after GC invocations=18 (full 4):
 PSYoungGen      total 143872K, used 0K [0x00000000eb700000, 0x00000000f5600000, 0x0000000100000000)
  eden space 126976K, 0% used [0x00000000eb700000,0x00000000eb700000,0x00000000f3300000)
  from space 16896K, 0% used [0x00000000f4580000,0x00000000f4580000,0x00000000f5600000)
  to   space 17920K, 0% used [0x00000000f3300000,0x00000000f3300000,0x00000000f4480000)
 ParOldGen       total 114688K, used 24266K [0x00000000c2400000, 0x00000000c9400000, 0x00000000eb700000)
  object space 114688K, 21% used [0x00000000c2400000,0x00000000c3bb2860,0x00000000c9400000)
 Metaspace       used 58639K, capacity 61158K, committed 61308K, reserved 1103872K
  class space    used 8141K, capacity 8597K, committed 8624K, reserved 1048576K
}

Deoptimization events (10 events):
Event: 52.429 Thread 0x0000000016fe9800 Uncommon trap: reason=class_check action=maybe_recompile pc=0x0000000003450540 method=org.springframework.util.ConcurrentReferenceHashMap$Segment.findInChain(Lorg/springframework/util/ConcurrentReferenceHashMap$Reference;Ljava/lang/Object;I)Lorg/springfra
Event: 52.430 Thread 0x0000000016fe9800 Uncommon trap: reason=class_check action=maybe_recompile pc=0x0000000002c2a118 method=org.springframework.util.ConcurrentReferenceHashMap$Segment.findInChain(Lorg/springframework/util/ConcurrentReferenceHashMap$Reference;Ljava/lang/Object;I)Lorg/springfra
Event: 52.459 Thread 0x0000000016fe9800 Uncommon trap: reason=class_check action=maybe_recompile pc=0x0000000003450540 method=org.springframework.util.ConcurrentReferenceHashMap$Segment.findInChain(Lorg/springframework/util/ConcurrentReferenceHashMap$Reference;Ljava/lang/Object;I)Lorg/springfra
Event: 52.472 Thread 0x0000000016fe9800 Uncommon trap: reason=class_check action=maybe_recompile pc=0x00000000032b18b8 method=org.springframework.util.ConcurrentReferenceHashMap$Segment.findInChain(Lorg/springframework/util/ConcurrentReferenceHashMap$Reference;Ljava/lang/Object;I)Lorg/springfra
Event: 52.478 Thread 0x0000000016fe9800 Uncommon trap: reason=class_check action=maybe_recompile pc=0x0000000002d1e424 method=org.springframework.util.ConcurrentReferenceHashMap$Segment.findInChain(Lorg/springframework/util/ConcurrentReferenceHashMap$Reference;Ljava/lang/Object;I)Lorg/springfra
Event: 54.845 Thread 0x0000000016fe9800 Uncommon trap: reason=unstable_if action=reinterpret pc=0x0000000002e86b0c method=java.io.WinNTFileSystem.isLetter(C)Z @ 3
Event: 58.464 Thread 0x0000000016fe9800 Uncommon trap: reason=class_check action=maybe_recompile pc=0x0000000003663430 method=sun.reflect.generics.reflectiveObjects.TypeVariableImpl.hashCode()I @ 4
Event: 58.464 Thread 0x0000000016fe9800 Uncommon trap: reason=class_check action=maybe_recompile pc=0x0000000003663430 method=sun.reflect.generics.reflectiveObjects.TypeVariableImpl.hashCode()I @ 4
Event: 58.464 Thread 0x0000000016fe9800 Uncommon trap: reason=class_check action=maybe_recompile pc=0x0000000003663430 method=sun.reflect.generics.reflectiveObjects.TypeVariableImpl.hashCode()I @ 4
Event: 58.464 Thread 0x0000000016fe9800 Uncommon trap: reason=class_check action=maybe_recompile pc=0x0000000003663430 method=sun.reflect.generics.reflectiveObjects.TypeVariableImpl.hashCode()I @ 4

Classes redefined (0 events):
No events

Internal exceptions (10 events):
Event: 58.743 Thread 0x0000000016fe9800 Exception <a 'java/lang/ClassNotFoundException': java/lang/ObjectCustomizer> (0x00000000ed883200) thrown at [C:\re\workspace\8-2-build-windows-amd64-cygwin\jdk8u181\11358\hotspot\src\share\vm\classfile\systemDictionary.cpp, line 210]
Event: 58.746 Thread 0x0000000016fe9800 Exception <a 'java/lang/ClassNotFoundException': org/springframework/security/config/annotation/web/configuration/WebSecurityConfigurationCustomizer> (0x00000000ed8b9f20) thrown at [C:\re\workspace\8-2-build-windows-amd64-cygwin\jdk8u181\11358\hotspot\src
Event: 58.751 Thread 0x0000000016fe9800 Exception <a 'java/lang/ClassNotFoundException': org/springframework/security/config/annotation/web/configuration/WebSecurityConfiguration$$EnhancerBySpringCGLIB$$888c8825Customizer> (0x00000000ed9058d0) thrown at [C:\re\workspace\8-2-build-windows-amd64-
Event: 58.758 Thread 0x0000000016fe9800 Exception <a 'java/lang/ClassNotFoundException': org/springframework/context/annotation/ConfigurationClassEnhancer$EnhancedConfigurationCustomizer> (0x00000000ed9428e0) thrown at [C:\re\workspace\8-2-build-windows-amd64-cygwin\jdk8u181\11358\hotspot\src\s
Event: 58.760 Thread 0x0000000016fe9800 Exception <a 'java/lang/ClassNotFoundException': org/springframework/beans/factory/BeanFactoryAwareCustomizer> (0x00000000ed964df8) thrown at [C:\re\workspace\8-2-build-windows-amd64-cygwin\jdk8u181\11358\hotspot\src\share\vm\classfile\systemDictionary.cp
Event: 58.763 Thread 0x0000000016fe9800 Exception <a 'java/lang/ClassNotFoundException': org/springframework/beans/factory/AwareCustomizer> (0x00000000ed983c18) thrown at [C:\re\workspace\8-2-build-windows-amd64-cygwin\jdk8u181\11358\hotspot\src\share\vm\classfile\systemDictionary.cpp, line 210
Event: 58.765 Thread 0x0000000016fe9800 Exception <a 'java/lang/ClassNotFoundException': org/springframework/context/annotation/ImportAwareCustomizer> (0x00000000ed9a6040) thrown at [C:\re\workspace\8-2-build-windows-amd64-cygwin\jdk8u181\11358\hotspot\src\share\vm\classfile\systemDictionary.cp
Event: 58.768 Thread 0x0000000016fe9800 Exception <a 'java/lang/ClassNotFoundException': org/springframework/beans/factory/AwareCustomizer> (0x00000000ed9c4920) thrown at [C:\re\workspace\8-2-build-windows-amd64-cygwin\jdk8u181\11358\hotspot\src\share\vm\classfile\systemDictionary.cpp, line 210
Event: 58.770 Thread 0x0000000016fe9800 Exception <a 'java/lang/ClassNotFoundException': org/springframework/beans/factory/BeanClassLoaderAwareCustomizer> (0x00000000ed9e8580) thrown at [C:\re\workspace\8-2-build-windows-amd64-cygwin\jdk8u181\11358\hotspot\src\share\vm\classfile\systemDictionar
Event: 58.773 Thread 0x0000000016fe9800 Exception <a 'java/lang/ClassNotFoundException': org/springframework/beans/factory/AwareCustomizer> (0x00000000eda06e40) thrown at [C:\re\workspace\8-2-build-windows-amd64-cygwin\jdk8u181\11358\hotspot\src\share\vm\classfile\systemDictionary.cpp, line 210

Events (10 events):
Event: 59.159 loading class java/nio/StringCharBuffer
Event: 59.160 loading class java/nio/StringCharBuffer done
Event: 59.161 loading class org/springframework/security/crypto/scrypt/SCryptPasswordEncoder
Event: 59.161 loading class org/springframework/security/crypto/scrypt/SCryptPasswordEncoder done
Event: 59.164 loading class sun/security/provider/SHA2$SHA256
Event: 59.178 loading class sun/security/provider/SHA2
Event: 59.178 loading class sun/security/provider/SHA2 done
Event: 59.179 loading class sun/security/provider/SHA2$SHA256 done
Event: 59.179 loading class org/springframework/security/crypto/password/StandardPasswordEncoder
Event: 59.179 loading class org/springframework/security/crypto/password/StandardPasswordEncoder done


Dynamic libraries:
0x00007ff7c73f0000 - 0x00007ff7c7427000 	C:\Program Files\Java\jre1.8.0_181\bin\java.exe
0x00007ffc1cec0000 - 0x00007ffc1d0b0000 	C:\WINDOWS\SYSTEM32\ntdll.dll
0x00007ffc0f6a0000 - 0x00007ffc0f6b3000 	C:\Program Files\AVAST Software\Avast\aswhook.dll
0x00007ffc1b6f0000 - 0x00007ffc1b7a2000 	C:\WINDOWS\System32\KERNEL32.DLL
0x00007ffc19e50000 - 0x00007ffc1a0f4000 	C:\WINDOWS\System32\KERNELBASE.dll
0x00007ffc1c030000 - 0x00007ffc1c0d3000 	C:\WINDOWS\System32\ADVAPI32.dll
0x00007ffc1cb80000 - 0x00007ffc1cc1e000 	C:\WINDOWS\System32\msvcrt.dll
0x00007ffc1b350000 - 0x00007ffc1b3e7000 	C:\WINDOWS\System32\sechost.dll
0x00007ffc1ccd0000 - 0x00007ffc1cdf0000 	C:\WINDOWS\System32\RPCRT4.dll
0x00007ffc1b550000 - 0x00007ffc1b6e4000 	C:\WINDOWS\System32\USER32.dll
0x00007ffc1ac70000 - 0x00007ffc1ac91000 	C:\WINDOWS\System32\win32u.dll
0x00007ffc1c250000 - 0x00007ffc1c276000 	C:\WINDOWS\System32\GDI32.dll
0x00007ffc1aad0000 - 0x00007ffc1ac64000 	C:\WINDOWS\System32\gdi32full.dll
0x00007ffc1aa30000 - 0x00007ffc1aace000 	C:\WINDOWS\System32\msvcp_win.dll
0x00007ffc1ad20000 - 0x00007ffc1ae1a000 	C:\WINDOWS\System32\ucrtbase.dll
0x00007ffc047f0000 - 0x00007ffc04a74000 	C:\WINDOWS\WinSxS\amd64_microsoft.windows.common-controls_6595b64144ccf1df_6.0.18362.836_none_e6c4b943130f18ed\COMCTL32.dll
0x00007ffc1bcf0000 - 0x00007ffc1c026000 	C:\WINDOWS\System32\combase.dll
0x00007ffc1aca0000 - 0x00007ffc1ad20000 	C:\WINDOWS\System32\bcryptPrimitives.dll
0x00007ffc1af70000 - 0x00007ffc1af9e000 	C:\WINDOWS\System32\IMM32.DLL
0x000000005bec0000 - 0x000000005bf92000 	C:\Program Files\Java\jre1.8.0_181\bin\msvcr100.dll
0x000000005b610000 - 0x000000005beb2000 	C:\Program Files\Java\jre1.8.0_181\bin\server\jvm.dll
0x00007ffc1cdf0000 - 0x00007ffc1cdf8000 	C:\WINDOWS\System32\PSAPI.DLL
0x00007ffc0c410000 - 0x00007ffc0c419000 	C:\WINDOWS\SYSTEM32\WSOCK32.dll
0x00007ffc1b200000 - 0x00007ffc1b26f000 	C:\WINDOWS\System32\WS2_32.dll
0x00007ffc16a30000 - 0x00007ffc16a54000 	C:\WINDOWS\SYSTEM32\WINMM.dll
0x00007ffc12730000 - 0x00007ffc1273a000 	C:\WINDOWS\SYSTEM32\VERSION.dll
0x00007ffc16a00000 - 0x00007ffc16a2d000 	C:\WINDOWS\SYSTEM32\WINMMBASE.dll
0x00007ffc1a950000 - 0x00007ffc1a99a000 	C:\WINDOWS\System32\cfgmgr32.dll
0x000000005b600000 - 0x000000005b60f000 	C:\Program Files\Java\jre1.8.0_181\bin\verify.dll
0x000000005b5d0000 - 0x000000005b5f9000 	C:\Program Files\Java\jre1.8.0_181\bin\java.dll
0x000000005b5a0000 - 0x000000005b5c3000 	C:\Program Files\Java\jre1.8.0_181\bin\instrument.dll
0x000000005b580000 - 0x000000005b596000 	C:\Program Files\Java\jre1.8.0_181\bin\zip.dll
0x00007ffc1c360000 - 0x00007ffc1ca44000 	C:\WINDOWS\System32\SHELL32.dll
0x00007ffc1afa0000 - 0x00007ffc1b049000 	C:\WINDOWS\System32\shcore.dll
0x00007ffc1a1d0000 - 0x00007ffc1a94e000 	C:\WINDOWS\System32\windows.storage.dll
0x00007ffc19d90000 - 0x00007ffc19db3000 	C:\WINDOWS\System32\profapi.dll
0x00007ffc19dc0000 - 0x00007ffc19e0a000 	C:\WINDOWS\System32\powrprof.dll
0x00007ffc19d80000 - 0x00007ffc19d90000 	C:\WINDOWS\System32\UMPDC.dll
0x00007ffc1b270000 - 0x00007ffc1b2c2000 	C:\WINDOWS\System32\shlwapi.dll
0x00007ffc19e30000 - 0x00007ffc19e41000 	C:\WINDOWS\System32\kernel.appcore.dll
0x00007ffc1a1b0000 - 0x00007ffc1a1c7000 	C:\WINDOWS\System32\cryptsp.dll
0x00007ffc01670000 - 0x00007ffc0168a000 	C:\Program Files\JetBrains\IntelliJ IDEA Community Edition 2018.2.4\bin\breakgen64.dll
0x000000005b560000 - 0x000000005b57a000 	C:\Program Files\Java\jre1.8.0_181\bin\net.dll
0x00007ffc19590000 - 0x00007ffc195f7000 	C:\WINDOWS\system32\mswsock.dll
0x000000005b550000 - 0x000000005b55d000 	C:\Program Files\Java\jre1.8.0_181\bin\management.dll
0x00007ffc06f20000 - 0x00007ffc06f36000 	C:\WINDOWS\system32\napinsp.dll
0x00007ffc06f00000 - 0x00007ffc06f1a000 	C:\WINDOWS\system32\pnrpnsp.dll
0x00007ffc192e0000 - 0x00007ffc193ab000 	C:\WINDOWS\SYSTEM32\DNSAPI.dll
0x00007ffc1c240000 - 0x00007ffc1c248000 	C:\WINDOWS\System32\NSI.dll
0x00007ffc192a0000 - 0x00007ffc192da000 	C:\WINDOWS\SYSTEM32\IPHLPAPI.DLL
0x00007ffc06ed0000 - 0x00007ffc06ede000 	C:\WINDOWS\System32\winrnr.dll
0x00007ffc166e0000 - 0x00007ffc166fc000 	C:\WINDOWS\system32\NLAapi.dll
0x00007ffc14090000 - 0x00007ffc140a5000 	C:\WINDOWS\system32\wshbth.dll
0x00007ffc0e440000 - 0x00007ffc0e44a000 	C:\Windows\System32\rasadhlp.dll
0x00007ffc102c0000 - 0x00007ffc10337000 	C:\WINDOWS\System32\fwpuclnt.dll
0x00007ffc1aa00000 - 0x00007ffc1aa26000 	C:\WINDOWS\System32\bcrypt.dll
0x000000005b530000 - 0x000000005b541000 	C:\Program Files\Java\jre1.8.0_181\bin\nio.dll
0x00007ffc19100000 - 0x00007ffc19133000 	C:\WINDOWS\system32\rsaenh.dll
0x00007ffc19c70000 - 0x00007ffc19c95000 	C:\WINDOWS\SYSTEM32\USERENV.dll
0x00007ffc19760000 - 0x00007ffc1976c000 	C:\WINDOWS\SYSTEM32\CRYPTBASE.dll
0x00007ffc109a0000 - 0x00007ffc109b6000 	C:\WINDOWS\SYSTEM32\dhcpcsvc6.DLL
0x00007ffc107a0000 - 0x00007ffc107bc000 	C:\WINDOWS\SYSTEM32\dhcpcsvc.DLL

VM Arguments:
jvm_args: -javaagent:C:\Program Files\JetBrains\IntelliJ IDEA Community Edition 2018.2.4\lib\idea_rt.jar=54686:C:\Program Files\JetBrains\IntelliJ IDEA Community Edition 2018.2.4\bin -Dfile.encoding=UTF-8 
java_command: org.itstep.msk.app.AppApplication
java_class_path (initial): C:\Users\user\AppData\Local\Temp\classpath824394745.jar;C:\Program Files\JetBrains\IntelliJ IDEA Community Edition 2018.2.4\lib\idea_rt.jar
Launcher Type: SUN_STANDARD

Environment Variables:
PATH=C:\Program Files (x86)\NVIDIA Corporation\PhysX\Common;C:\Program Files (x86)\Common Files\Oracle\Java\javapath;C:\WINDOWS\system32;C:\WINDOWS;C:\WINDOWS\System32\Wbem;C:\WINDOWS\System32\WindowsPowerShell\v1.0\;C:\Program Files (x86)\ATI Technologies\ATI.ACE\Core-Static;C:\WINDOWS\System32\OpenSSH\;C:\Program Files\Cloud Foundry;C:\Users\user\AppData\Local\Microsoft\WindowsApps;
USERNAME=user
OS=Windows_NT
PROCESSOR_IDENTIFIER=Intel64 Family 6 Model 37 Stepping 2, GenuineIntel



---------------  S Y S T E M  ---------------

OS: Windows 10.0 , 64 bit Build 18362 (10.0.18362.778)

CPU:total 4 (initial active 4) (2 cores per cpu, 2 threads per core) family 6 model 37 stepping 2, cmov, cx8, fxsr, mmx, sse, sse2, sse3, ssse3, sse4.1, sse4.2, popcnt, ht, tsc, tscinvbit

Memory: 4k page, physical 4044896k(474992k free), swap 6092896k(5272k free)

vm_info: Java HotSpot(TM) 64-Bit Server VM (25.181-b13) for windows-amd64 JRE (1.8.0_181-b13), built on Jul  7 2018 04:01:33 by "java_re" with MS VC++ 10.0 (VS2010)

time: Sun May 17 22:04:47 2020
elapsed time: 59 seconds (0d 0h 0m 59s)

