#
# A fatal error has been detected by the Java Runtime Environment:
#
#  EXCEPTION_ACCESS_VIOLATION (0xc0000005) at pc=0x00000000591a4757, pid=10600, tid=0x0000000000001d48
#
# JRE version: Java(TM) SE Runtime Environment (8.0_181-b13) (build 1.8.0_181-b13)
# Java VM: Java HotSpot(TM) 64-Bit Server VM (25.181-b13 mixed mode windows-amd64 compressed oops)
# Problematic frame:
# V  [jvm.dll+0x214757]
#
# Failed to write core dump. Minidumps are not enabled by default on client versions of Windows
#
# If you would like to submit a bug report, please visit:
#   http://bugreport.java.com/bugreport/crash.jsp
#

---------------  T H R E A D  ---------------

Current thread (0x0000000016b81000):  JavaThread "JMX server connection timeout 52" daemon [_thread_in_vm, id=7496, stack(0x0000000018120000,0x0000000018220000)]

siginfo: ExceptionCode=0xc0000005, writing address 0x0000000018219fe0

Registers:
RAX=0x0000000018219fe0, RBX=0x0000000000000006, RCX=0x0000000000005000, RDX=0x0000000000000006
RSP=0x000000001821efe0, RBP=0x0000000000000000, RSI=0x000000001821efe0, RDI=0x0000000000000006
R8 =0x0000000000000006, R9 =0x00000000190bff90, R10=0x00000000140ae1d8, R11=0x000000001812a148
R12=0x00000000190bff90, R13=0x0000000016b81000, R14=0x000000001821f0a8, R15=0x00000000140ae1d8
RIP=0x00000000591a4757, EFLAGS=0x0000000000010202

Top of Stack: (sp=0x000000001821efe0)
0x000000001821efe0:   0000000000000001 0000000100006bd0
0x000000001821eff0:   0000000016b81000 00000000190bff90
0x000000001821f000:   00000000ffffffff 00000000591a5687
0x000000001821f010:   000000001821f110 00000000140ae1d8
0x000000001821f020:   0000000016b81000 0000000059051073
0x000000001821f030:   000000001821f070 0000000016b81000
0x000000001821f040:   000000001821f100 0000000016b81000
0x000000001821f050:   00000000140ae1d8 0000000016b81000
0x000000001821f060:   00000000024c3be0 0000000016b81000
0x000000001821f070:   00000000140ae1d8 0000000016b81000
0x000000001821f080:   00000000140ae1d8 0000000016b81000
0x000000001821f090:   0000000000000001 00000000140ae1d8
0x000000001821f0a0:   0000000016b81000 0000000016a9ccf0
0x000000001821f0b0:   0000000016b81000 00000000590527dd
0x000000001821f0c0:   000000001821f3c8 0000000100006bd0
0x000000001821f0d0:   0000000100006bd0 00007ffa0f1e4ef7 

Instructions: (pc=0x00000000591a4757)
0x00000000591a4737:   48 89 6c 24 30 33 ed 66 90 e8 9b 4e 08 00 ff c3
0x00000000591a4747:   48 63 c8 48 8b c6 48 0f af cf 48 ff c7 48 2b c1
0x00000000591a4757:   89 28 48 63 c3 48 3b 05 f5 80 59 00 7e db 48 8b
0x00000000591a4767:   6c 24 30 48 8b 5c 24 38 48 8b 74 24 40 48 83 c4 


Register to memory mapping:

RAX=0x0000000018219fe0 is pointing into the stack for thread: 0x0000000016b81000
RBX=0x0000000000000006 is an unknown value
RCX=0x0000000000005000 is an unknown value
RDX=0x0000000000000006 is an unknown value
RSP=0x000000001821efe0 is pointing into the stack for thread: 0x0000000016b81000
RBP=0x0000000000000000 is an unknown value
RSI=0x000000001821efe0 is pointing into the stack for thread: 0x0000000016b81000
RDI=0x0000000000000006 is an unknown value
R8 =0x0000000000000006 is an unknown value
R9 =0x00000000190bff90 is an unknown value
R10={method} {0x00000000140ae1e0} 'run' '()V' in 'java/lang/Thread'
R11=0x000000001812a148 is pointing into the stack for thread: 0x0000000016b81000
R12=0x00000000190bff90 is an unknown value
R13=0x0000000016b81000 is a thread
R14=0x000000001821f0a8 is pointing into the stack for thread: 0x0000000016b81000
R15={method} {0x00000000140ae1e0} 'run' '()V' in 'java/lang/Thread'


Stack: [0x0000000018120000,0x0000000018220000],  sp=0x000000001821efe0,  free space=1019k
Native frames: (J=compiled Java code, j=interpreted, Vv=VM code, C=native code)


---------------  P R O C E S S  ---------------

Java Threads: ( => current thread )
=>0x0000000016b81000 JavaThread "JMX server connection timeout 52" daemon [_thread_in_vm, id=7496, stack(0x0000000018120000,0x0000000018220000)]
  0x0000000016b86800 JavaThread "restartedMain" [_thread_in_vm, id=10188, stack(0x0000000018020000,0x0000000018120000)]
  0x0000000016b85800 JavaThread "Thread-4" [_thread_blocked, id=7432, stack(0x00000000179d0000,0x0000000017ad0000)]
  0x0000000016b85000 JavaThread "RMI TCP Connection(2)-127.0.0.1" daemon [_thread_in_native, id=2396, stack(0x0000000017bd0000,0x0000000017cd0000)]
  0x0000000016a96800 JavaThread "RMI Scheduler(0)" daemon [_thread_blocked, id=4340, stack(0x0000000017ad0000,0x0000000017bd0000)]
  0x0000000016a37000 JavaThread "RMI TCP Connection(1)-127.0.0.1" daemon [_thread_in_native, id=9796, stack(0x00000000178d0000,0x00000000179d0000)]
  0x0000000016a34000 JavaThread "RMI TCP Accept-0" daemon [_thread_in_native, id=2028, stack(0x00000000176d0000,0x00000000177d0000)]
  0x0000000016a24800 JavaThread "RMI TCP Accept-55537" daemon [_thread_in_native, id=11216, stack(0x00000000175d0000,0x00000000176d0000)]
  0x0000000016a21800 JavaThread "RMI TCP Accept-0" daemon [_thread_in_native, id=5988, stack(0x00000000174d0000,0x00000000175d0000)]
  0x00000000167b6000 JavaThread "Service Thread" daemon [_thread_blocked, id=128, stack(0x0000000017090000,0x0000000017190000)]
  0x00000000167b5800 JavaThread "C1 CompilerThread2" daemon [_thread_blocked, id=9476, stack(0x0000000016f90000,0x0000000017090000)]
  0x0000000016456800 JavaThread "C2 CompilerThread1" daemon [_thread_blocked, id=32, stack(0x0000000016690000,0x0000000016790000)]
  0x0000000016453000 JavaThread "C2 CompilerThread0" daemon [_thread_blocked, id=8020, stack(0x0000000016590000,0x0000000016690000)]
  0x0000000016448800 JavaThread "Monitor Ctrl-Break" daemon [_thread_in_native, id=9872, stack(0x0000000016490000,0x0000000016590000)]
  0x0000000014a2d000 JavaThread "Attach Listener" daemon [_thread_blocked, id=5960, stack(0x0000000015f90000,0x0000000016090000)]
  0x0000000014a2c000 JavaThread "Signal Dispatcher" daemon [_thread_blocked, id=8516, stack(0x0000000015e90000,0x0000000015f90000)]
  0x0000000014a0f000 JavaThread "Finalizer" daemon [_thread_blocked, id=10660, stack(0x0000000015c80000,0x0000000015d80000)]
  0x00000000023a7000 JavaThread "Reference Handler" daemon [_thread_blocked, id=3400, stack(0x0000000015b80000,0x0000000015c80000)]
  0x00000000021ad800 JavaThread "main" [_thread_blocked, id=2560, stack(0x00000000021b0000,0x00000000022b0000)]

Other Threads:
  0x00000000149e7000 VMThread [stack: 0x0000000015a80000,0x0000000015b80000] [id=8284]
  0x0000000016a36000 WatcherThread [stack: 0x00000000177d0000,0x00000000178d0000] [id=4912]

VM state:not at safepoint (normal execution)

VM Mutex/Monitor currently owned by a thread: None

Heap:
 PSYoungGen      total 87552K, used 60536K [0x00000000eb700000, 0x00000000f2d80000, 0x0000000100000000)
  eden space 81920K, 67% used [0x00000000eb700000,0x00000000eec9fab8,0x00000000f0700000)
  from space 5632K, 99% used [0x00000000f0700000,0x00000000f0c7e698,0x00000000f0c80000)
  to   space 6656K, 0% used [0x00000000f2700000,0x00000000f2700000,0x00000000f2d80000)
 ParOldGen       total 30720K, used 7868K [0x00000000c2400000, 0x00000000c4200000, 0x00000000eb700000)
  object space 30720K, 25% used [0x00000000c2400000,0x00000000c2baf078,0x00000000c4200000)
 Metaspace       used 27386K, capacity 28622K, committed 28928K, reserved 1075200K
  class space    used 3739K, capacity 4033K, committed 4096K, reserved 1048576K

Card table byte_map: [0x0000000011870000,0x0000000011a60000] byte_map_base: 0x000000001125e000

Marking Bits: (ParMarkBitMap*) 0x00000000597b2d00
 Begin Bits: [0x0000000011fb0000, 0x0000000012f20000)
 End Bits:   [0x0000000012f20000, 0x0000000013e90000)

Polling page: 0x0000000001f80000

CodeCache: size=245760Kb used=6457Kb max_used=6457Kb free=239302Kb
 bounds [0x00000000024b0000, 0x0000000002b00000, 0x00000000114b0000]
 total_blobs=3380 nmethods=2968 adapters=325
 compilation: enabled

Compilation events (10 events):
Event: 21.068 Thread 0x00000000167b5800 2977       1       org.springframework.beans.PropertyEditorRegistrySupport::overrideDefaultEditor (31 bytes)
Event: 21.068 Thread 0x00000000167b5800 nmethod 2977 0x0000000002af9310 code [0x0000000002af9480, 0x0000000002af9648]
Event: 21.070 Thread 0x00000000167b5800 2978       1       java.lang.reflect.Field::getAnnotation (23 bytes)
Event: 21.071 Thread 0x00000000167b5800 nmethod 2978 0x0000000002af9710 code [0x0000000002af98c0, 0x0000000002af9c08]
Event: 21.073 Thread 0x00000000167b5800 2979       1       org.springframework.aop.framework.autoproxy.AbstractAutoProxyCreator::predictBeanType (35 bytes)
Event: 21.074 Thread 0x00000000167b5800 nmethod 2979 0x0000000002af9e10 code [0x0000000002af9fa0, 0x0000000002afa1a8]
Event: 21.088 Thread 0x00000000167b5800 2980       1       sun.misc.ProxyGenerator$ProxyMethod::codeUnwrapReturnValue (213 bytes)
Event: 21.097 Thread 0x00000000167b5800 nmethod 2980 0x0000000002afa290 code [0x0000000002afa600, 0x0000000002afb5b8]
Event: 21.108 Thread 0x00000000167b5800 2981       1       java.util.Collections$EmptyMap::entrySet (4 bytes)
Event: 21.109 Thread 0x00000000167b5800 nmethod 2981 0x0000000002afc610 code [0x0000000002afc760, 0x0000000002afc870]

GC Heap History (10 events):
Event: 11.624 GC heap before
{Heap before GC invocations=9 (full 1):
 PSYoungGen      total 34304K, used 32172K [0x00000000eb700000, 0x00000000ef880000, 0x0000000100000000)
  eden space 28672K, 100% used [0x00000000eb700000,0x00000000ed300000,0x00000000ed300000)
  from space 5632K, 62% used [0x00000000ed300000,0x00000000ed66b040,0x00000000ed880000)
  to   space 5632K, 0% used [0x00000000ef300000,0x00000000ef300000,0x00000000ef880000)
 ParOldGen       total 25600K, used 5326K [0x00000000c2400000, 0x00000000c3d00000, 0x00000000eb700000)
  object space 25600K, 20% used [0x00000000c2400000,0x00000000c2933a50,0x00000000c3d00000)
 Metaspace       used 20033K, capacity 20664K, committed 20864K, reserved 1069056K
  class space    used 2684K, capacity 2879K, committed 2944K, reserved 1048576K
Event: 11.640 GC heap after
Heap after GC invocations=9 (full 1):
 PSYoungGen      total 60416K, used 4660K [0x00000000eb700000, 0x00000000ef800000, 0x0000000100000000)
  eden space 55296K, 0% used [0x00000000eb700000,0x00000000eb700000,0x00000000eed00000)
  from space 5120K, 91% used [0x00000000ef300000,0x00000000ef78d360,0x00000000ef800000)
  to   space 5632K, 0% used [0x00000000eed00000,0x00000000eed00000,0x00000000ef280000)
 ParOldGen       total 25600K, used 5334K [0x00000000c2400000, 0x00000000c3d00000, 0x00000000eb700000)
  object space 25600K, 20% used [0x00000000c2400000,0x00000000c2935a50,0x00000000c3d00000)
 Metaspace       used 20033K, capacity 20664K, committed 20864K, reserved 1069056K
  class space    used 2684K, capacity 2879K, committed 2944K, reserved 1048576K
}
Event: 12.520 GC heap before
{Heap before GC invocations=10 (full 1):
 PSYoungGen      total 60416K, used 21008K [0x00000000eb700000, 0x00000000ef800000, 0x0000000100000000)
  eden space 55296K, 29% used [0x00000000eb700000,0x00000000ec6f6fe0,0x00000000eed00000)
  from space 5120K, 91% used [0x00000000ef300000,0x00000000ef78d360,0x00000000ef800000)
  to   space 5632K, 0% used [0x00000000eed00000,0x00000000eed00000,0x00000000ef280000)
 ParOldGen       total 25600K, used 5334K [0x00000000c2400000, 0x00000000c3d00000, 0x00000000eb700000)
  object space 25600K, 20% used [0x00000000c2400000,0x00000000c2935a50,0x00000000c3d00000)
 Metaspace       used 21549K, capacity 22164K, committed 22188K, reserved 1069056K
  class space    used 2881K, capacity 3069K, committed 3072K, reserved 1048576K
Event: 12.544 GC heap after
Heap after GC invocations=10 (full 1):
 PSYoungGen      total 60928K, used 2927K [0x00000000eb700000, 0x00000000f1580000, 0x0000000100000000)
  eden space 55296K, 0% used [0x00000000eb700000,0x00000000eb700000,0x00000000eed00000)
  from space 5632K, 51% used [0x00000000eed00000,0x00000000eefdbf18,0x00000000ef280000)
  to   space 5632K, 0% used [0x00000000f1000000,0x00000000f1000000,0x00000000f1580000)
 ParOldGen       total 25600K, used 6230K [0x00000000c2400000, 0x00000000c3d00000, 0x00000000eb700000)
  object space 25600K, 24% used [0x00000000c2400000,0x00000000c2a15a80,0x00000000c3d00000)
 Metaspace       used 21549K, capacity 22164K, committed 22188K, reserved 1069056K
  class space    used 2881K, capacity 3069K, committed 3072K, reserved 1048576K
}
Event: 12.544 GC heap before
{Heap before GC invocations=11 (full 2):
 PSYoungGen      total 60928K, used 2927K [0x00000000eb700000, 0x00000000f1580000, 0x0000000100000000)
  eden space 55296K, 0% used [0x00000000eb700000,0x00000000eb700000,0x00000000eed00000)
  from space 5632K, 51% used [0x00000000eed00000,0x00000000eefdbf18,0x00000000ef280000)
  to   space 5632K, 0% used [0x00000000f1000000,0x00000000f1000000,0x00000000f1580000)
 ParOldGen       total 25600K, used 6230K [0x00000000c2400000, 0x00000000c3d00000, 0x00000000eb700000)
  object space 25600K, 24% used [0x00000000c2400000,0x00000000c2a15a80,0x00000000c3d00000)
 Metaspace       used 21549K, capacity 22164K, committed 22188K, reserved 1069056K
  class space    used 2881K, capacity 3069K, committed 3072K, reserved 1048576K
Event: 12.743 GC heap after
Heap after GC invocations=11 (full 2):
 PSYoungGen      total 60928K, used 0K [0x00000000eb700000, 0x00000000f1580000, 0x0000000100000000)
  eden space 55296K, 0% used [0x00000000eb700000,0x00000000eb700000,0x00000000eed00000)
  from space 5632K, 0% used [0x00000000eed00000,0x00000000eed00000,0x00000000ef280000)
  to   space 5632K, 0% used [0x00000000f1000000,0x00000000f1000000,0x00000000f1580000)
 ParOldGen       total 30720K, used 6666K [0x00000000c2400000, 0x00000000c4200000, 0x00000000eb700000)
  object space 30720K, 21% used [0x00000000c2400000,0x00000000c2a82a50,0x00000000c4200000)
 Metaspace       used 21549K, capacity 22164K, committed 22188K, reserved 1069056K
  class space    used 2881K, capacity 3069K, committed 3072K, reserved 1048576K
}
Event: 14.613 GC heap before
{Heap before GC invocations=12 (full 2):
 PSYoungGen      total 60928K, used 55296K [0x00000000eb700000, 0x00000000f1580000, 0x0000000100000000)
  eden space 55296K, 100% used [0x00000000eb700000,0x00000000eed00000,0x00000000eed00000)
  from space 5632K, 0% used [0x00000000eed00000,0x00000000eed00000,0x00000000ef280000)
  to   space 5632K, 0% used [0x00000000f1000000,0x00000000f1000000,0x00000000f1580000)
 ParOldGen       total 30720K, used 6666K [0x00000000c2400000, 0x00000000c4200000, 0x00000000eb700000)
  object space 30720K, 21% used [0x00000000c2400000,0x00000000c2a82a50,0x00000000c4200000)
 Metaspace       used 22617K, capacity 23378K, committed 23552K, reserved 1071104K
  class space    used 3014K, capacity 3208K, committed 3328K, reserved 1048576K
Event: 14.647 GC heap after
Heap after GC invocations=12 (full 2):
 PSYoungGen      total 80384K, used 1936K [0x00000000eb700000, 0x00000000f1200000, 0x0000000100000000)
  eden space 78336K, 0% used [0x00000000eb700000,0x00000000eb700000,0x00000000f0380000)
  from space 2048K, 94% used [0x00000000f1000000,0x00000000f11e42c8,0x00000000f1200000)
  to   space 5632K, 0% used [0x00000000f0700000,0x00000000f0700000,0x00000000f0c80000)
 ParOldGen       total 30720K, used 6674K [0x00000000c2400000, 0x00000000c4200000, 0x00000000eb700000)
  object space 30720K, 21% used [0x00000000c2400000,0x00000000c2a84a50,0x00000000c4200000)
 Metaspace       used 22617K, capacity 23378K, committed 23552K, reserved 1071104K
  class space    used 3014K, capacity 3208K, committed 3328K, reserved 1048576K
}
Event: 18.191 GC heap before
{Heap before GC invocations=13 (full 2):
 PSYoungGen      total 80384K, used 80272K [0x00000000eb700000, 0x00000000f1200000, 0x0000000100000000)
  eden space 78336K, 100% used [0x00000000eb700000,0x00000000f0380000,0x00000000f0380000)
  from space 2048K, 94% used [0x00000000f1000000,0x00000000f11e42c8,0x00000000f1200000)
  to   space 5632K, 0% used [0x00000000f0700000,0x00000000f0700000,0x00000000f0c80000)
 ParOldGen       total 30720K, used 6674K [0x00000000c2400000, 0x00000000c4200000, 0x00000000eb700000)
  object space 30720K, 21% used [0x00000000c2400000,0x00000000c2a84a50,0x00000000c4200000)
 Metaspace       used 24962K, capacity 26138K, committed 26240K, reserved 1073152K
  class space    used 3396K, capacity 3681K, committed 3712K, reserved 1048576K
Event: 18.207 GC heap after
Heap after GC invocations=13 (full 2):
 PSYoungGen      total 87552K, used 5625K [0x00000000eb700000, 0x00000000f2d80000, 0x0000000100000000)
  eden space 81920K, 0% used [0x00000000eb700000,0x00000000eb700000,0x00000000f0700000)
  from space 5632K, 99% used [0x00000000f0700000,0x00000000f0c7e698,0x00000000f0c80000)
  to   space 6656K, 0% used [0x00000000f2700000,0x00000000f2700000,0x00000000f2d80000)
 ParOldGen       total 30720K, used 7868K [0x00000000c2400000, 0x00000000c4200000, 0x00000000eb700000)
  object space 30720K, 25% used [0x00000000c2400000,0x00000000c2baf078,0x00000000c4200000)
 Metaspace       used 24962K, capacity 26138K, committed 26240K, reserved 1073152K
  class space    used 3396K, capacity 3681K, committed 3712K, reserved 1048576K
}

Deoptimization events (0 events):
No events

Classes redefined (0 events):
No events

Internal exceptions (10 events):
Event: 20.973 Thread 0x0000000016b86800 Exception <a 'java/lang/ClassNotFoundException': org/springframework/beans/factory/config/InstantiationAwareBeanPostProcessorCustomizer> (0x00000000ee8240b8) thrown at [C:\re\workspace\8-2-build-windows-amd64-cygwin\jdk8u181\11358\hotspot\src\share\vm\cla
Event: 20.974 Thread 0x0000000016b86800 Exception <a 'java/lang/ArrayIndexOutOfBoundsException'> (0x00000000ee827480) thrown at [C:\re\workspace\8-2-build-windows-amd64-cygwin\jdk8u181\11358\hotspot\src\share\vm\runtime\sharedRuntime.cpp, line 605]
Event: 20.976 Thread 0x0000000016b86800 Exception <a 'java/lang/ClassNotFoundException': org/springframework/beans/factory/config/BeanPostProcessorCustomizer> (0x00000000ee8443f0) thrown at [C:\re\workspace\8-2-build-windows-amd64-cygwin\jdk8u181\11358\hotspot\src\share\vm\classfile\systemDicti
Event: 20.979 Thread 0x0000000016b86800 Exception <a 'java/lang/ClassNotFoundException': org/springframework/beans/factory/BeanFactoryAwareCustomizer> (0x00000000ee85edd0) thrown at [C:\re\workspace\8-2-build-windows-amd64-cygwin\jdk8u181\11358\hotspot\src\share\vm\classfile\systemDictionary.cp
Event: 20.981 Thread 0x0000000016b86800 Exception <a 'java/lang/ClassNotFoundException': org/springframework/beans/factory/AwareCustomizer> (0x00000000ee875f00) thrown at [C:\re\workspace\8-2-build-windows-amd64-cygwin\jdk8u181\11358\hotspot\src\share\vm\classfile\systemDictionary.cpp, line 210
Event: 20.983 Thread 0x0000000016b86800 Exception <a 'java/lang/ClassNotFoundException': org/springframework/core/OrderedCustomizer> (0x00000000ee8894c8) thrown at [C:\re\workspace\8-2-build-windows-amd64-cygwin\jdk8u181\11358\hotspot\src\share\vm\classfile\systemDictionary.cpp, line 210]
Event: 20.985 Thread 0x0000000016b86800 Exception <a 'java/lang/ClassNotFoundException': org/springframework/beans/factory/BeanClassLoaderAwareCustomizer> (0x00000000ee8a4410) thrown at [C:\re\workspace\8-2-build-windows-amd64-cygwin\jdk8u181\11358\hotspot\src\share\vm\classfile\systemDictionar
Event: 20.988 Thread 0x0000000016b86800 Exception <a 'java/lang/ClassNotFoundException': org/springframework/beans/factory/AwareCustomizer> (0x00000000ee8bafe0) thrown at [C:\re\workspace\8-2-build-windows-amd64-cygwin\jdk8u181\11358\hotspot\src\share\vm\classfile\systemDictionary.cpp, line 210
Event: 20.991 Thread 0x0000000016b86800 Exception <a 'java/lang/ClassNotFoundException': org/springframework/aop/framework/AopInfrastructureBeanCustomizer> (0x00000000ee8d5318) thrown at [C:\re\workspace\8-2-build-windows-amd64-cygwin\jdk8u181\11358\hotspot\src\share\vm\classfile\systemDictiona
Event: 21.040 Thread 0x0000000016b86800 Exception <a 'java/lang/NoSuchMethodError': java.lang.Object.lambda$thenComparing$36697e65$1(Ljava/util/Comparator;Ljava/lang/Object;Ljava/lang/Object;)I> (0x00000000ee97f728) thrown at [C:\re\workspace\8-2-build-windows-amd64-cygwin\jdk8u181\11358\hotspo

Events (10 events):
Event: 21.043 loading class org/springframework/aop/aspectj/annotation/AnnotationAwareAspectJAutoProxyCreator$BeanFactoryAspectJAdvisorsBuilderAdapter done
Event: 21.047 loading class org/springframework/beans/factory/annotation/AutowiredAnnotationBeanPostProcessor$AutowiredFieldElement
Event: 21.047 loading class org/springframework/beans/factory/annotation/AutowiredAnnotationBeanPostProcessor$AutowiredFieldElement done
Event: 21.061 loading class org/springframework/dao/annotation/PersistenceExceptionTranslationAdvisor
Event: 21.061 loading class org/springframework/dao/annotation/PersistenceExceptionTranslationAdvisor done
Event: 21.062 loading class org/springframework/dao/support/PersistenceExceptionTranslationInterceptor
Event: 21.062 loading class org/springframework/dao/support/PersistenceExceptionTranslationInterceptor done
Event: 21.068 loading class org/springframework/boot/autoconfigure/orm/jpa/DataSourceInitializedPublisher$DataSourceSchemaCreatedPublisher
Event: 21.068 loading class org/springframework/boot/autoconfigure/orm/jpa/DataSourceInitializedPublisher$DataSourceSchemaCreatedPublisher done
Event: 21.105 Thread 0x0000000016b81000 Thread added: 0x0000000016b81000


Dynamic libraries:
0x00007ff6fe8d0000 - 0x00007ff6fe907000 	C:\Program Files\Java\jdk1.8.0_181\bin\java.exe
0x00007ffa0f1c0000 - 0x00007ffa0f3b0000 	C:\WINDOWS\SYSTEM32\ntdll.dll
0x00007ffa06830000 - 0x00007ffa06844000 	C:\Program Files\AVAST Software\Avast\aswhook.dll
0x00007ffa0eaf0000 - 0x00007ffa0eba2000 	C:\WINDOWS\System32\KERNEL32.DLL
0x00007ffa0cf60000 - 0x00007ffa0d203000 	C:\WINDOWS\System32\KERNELBASE.dll
0x00007ffa0ea40000 - 0x00007ffa0eae3000 	C:\WINDOWS\System32\ADVAPI32.dll
0x00007ffa0d8c0000 - 0x00007ffa0d95e000 	C:\WINDOWS\System32\msvcrt.dll
0x00007ffa0d270000 - 0x00007ffa0d307000 	C:\WINDOWS\System32\sechost.dll
0x00007ffa0ecf0000 - 0x00007ffa0ee10000 	C:\WINDOWS\System32\RPCRT4.dll
0x00007ffa0d4d0000 - 0x00007ffa0d664000 	C:\WINDOWS\System32\USER32.dll
0x00007ffa0cdc0000 - 0x00007ffa0cde1000 	C:\WINDOWS\System32\win32u.dll
0x00007ffa0d670000 - 0x00007ffa0d696000 	C:\WINDOWS\System32\GDI32.dll
0x00007ffa0c150000 - 0x00007ffa0c2e4000 	C:\WINDOWS\System32\gdi32full.dll
0x00007ffa0cd20000 - 0x00007ffa0cdbe000 	C:\WINDOWS\System32\msvcp_win.dll
0x00007ffa0cbd0000 - 0x00007ffa0ccca000 	C:\WINDOWS\System32\ucrtbase.dll
0x00007ff9f3960000 - 0x00007ff9f3be5000 	C:\WINDOWS\WinSxS\amd64_microsoft.windows.common-controls_6595b64144ccf1df_6.0.18362.592_none_e6c0b1911312be02\COMCTL32.dll
0x00007ffa0deb0000 - 0x00007ffa0e1e6000 	C:\WINDOWS\System32\combase.dll
0x00007ffa0c3d0000 - 0x00007ffa0c450000 	C:\WINDOWS\System32\bcryptPrimitives.dll
0x00007ffa0eef0000 - 0x00007ffa0ef1e000 	C:\WINDOWS\System32\IMM32.DLL
0x0000000059840000 - 0x0000000059912000 	C:\Program Files\Java\jdk1.8.0_181\jre\bin\msvcr100.dll
0x0000000058f90000 - 0x0000000059832000 	C:\Program Files\Java\jdk1.8.0_181\jre\bin\server\jvm.dll
0x00007ffa0e270000 - 0x00007ffa0e278000 	C:\WINDOWS\System32\PSAPI.DLL
0x00007ff9fcdd0000 - 0x00007ff9fcdd9000 	C:\WINDOWS\SYSTEM32\WSOCK32.dll
0x00007ffa0d970000 - 0x00007ffa0d9df000 	C:\WINDOWS\System32\WS2_32.dll
0x00007ffa0a000000 - 0x00007ffa0a024000 	C:\WINDOWS\SYSTEM32\WINMM.dll
0x00007ffa05280000 - 0x00007ffa0528a000 	C:\WINDOWS\SYSTEM32\VERSION.dll
0x00007ffa09fd0000 - 0x00007ffa09ffd000 	C:\WINDOWS\SYSTEM32\WINMMBASE.dll
0x00007ffa0ccd0000 - 0x00007ffa0cd1a000 	C:\WINDOWS\System32\cfgmgr32.dll
0x0000000058f80000 - 0x0000000058f8f000 	C:\Program Files\Java\jdk1.8.0_181\jre\bin\verify.dll
0x0000000058f50000 - 0x0000000058f79000 	C:\Program Files\Java\jdk1.8.0_181\jre\bin\java.dll
0x0000000058f00000 - 0x0000000058f23000 	C:\Program Files\Java\jdk1.8.0_181\jre\bin\instrument.dll
0x0000000058f30000 - 0x0000000058f46000 	C:\Program Files\Java\jdk1.8.0_181\jre\bin\zip.dll
0x00007ffa0e350000 - 0x00007ffa0ea35000 	C:\WINDOWS\System32\SHELL32.dll
0x00007ffa0d370000 - 0x00007ffa0d419000 	C:\WINDOWS\System32\shcore.dll
0x00007ffa0c450000 - 0x00007ffa0cbcf000 	C:\WINDOWS\System32\windows.storage.dll
0x00007ffa0c0f0000 - 0x00007ffa0c10f000 	C:\WINDOWS\System32\profapi.dll
0x00007ffa0c0a0000 - 0x00007ffa0c0ea000 	C:\WINDOWS\System32\powrprof.dll
0x00007ffa0c090000 - 0x00007ffa0c0a0000 	C:\WINDOWS\System32\UMPDC.dll
0x00007ffa0e1f0000 - 0x00007ffa0e242000 	C:\WINDOWS\System32\shlwapi.dll
0x00007ffa0c130000 - 0x00007ffa0c141000 	C:\WINDOWS\System32\kernel.appcore.dll
0x00007ffa0cdf0000 - 0x00007ffa0ce07000 	C:\WINDOWS\System32\cryptsp.dll
0x00007ffa01ae0000 - 0x00007ffa01afa000 	C:\Program Files\JetBrains\IntelliJ IDEA 2018.3.2\bin\breakgen64.dll
0x0000000058ee0000 - 0x0000000058efa000 	C:\Program Files\Java\jdk1.8.0_181\jre\bin\net.dll
0x00007ffa0b8a0000 - 0x00007ffa0b907000 	C:\WINDOWS\system32\mswsock.dll
0x0000000058df0000 - 0x0000000058dfd000 	C:\Program Files\Java\jdk1.8.0_181\jre\bin\management.dll
0x0000000058dd0000 - 0x0000000058de1000 	C:\Program Files\Java\jdk1.8.0_181\jre\bin\nio.dll
0x00007ff9f6570000 - 0x00007ff9f6586000 	C:\WINDOWS\system32\napinsp.dll
0x00007ff9f6550000 - 0x00007ff9f656a000 	C:\WINDOWS\system32\pnrpnsp.dll
0x00007ffa0b5f0000 - 0x00007ffa0b6ba000 	C:\WINDOWS\SYSTEM32\DNSAPI.dll
0x00007ffa0d960000 - 0x00007ffa0d968000 	C:\WINDOWS\System32\NSI.dll
0x00007ffa0b5b0000 - 0x00007ffa0b5ea000 	C:\WINDOWS\SYSTEM32\IPHLPAPI.DLL
0x00007ff9f6540000 - 0x00007ff9f654e000 	C:\WINDOWS\System32\winrnr.dll
0x00007ffa088d0000 - 0x00007ffa088ec000 	C:\WINDOWS\system32\NLAapi.dll
0x00007ffa076b0000 - 0x00007ffa076c5000 	C:\WINDOWS\system32\wshbth.dll
0x00007ff9ff2b0000 - 0x00007ff9ff2ba000 	C:\Windows\System32\rasadhlp.dll
0x00007ffa02f10000 - 0x00007ffa02f87000 	C:\WINDOWS\System32\fwpuclnt.dll
0x00007ffa0c2f0000 - 0x00007ffa0c316000 	C:\WINDOWS\System32\bcrypt.dll
0x00007ffa0b410000 - 0x00007ffa0b443000 	C:\WINDOWS\system32\rsaenh.dll
0x00007ffa0bf80000 - 0x00007ffa0bfa5000 	C:\WINDOWS\SYSTEM32\USERENV.dll
0x00007ffa0ba70000 - 0x00007ffa0ba7c000 	C:\WINDOWS\SYSTEM32\CRYPTBASE.dll
0x00007ffa03130000 - 0x00007ffa03146000 	C:\WINDOWS\SYSTEM32\dhcpcsvc6.DLL
0x00007ffa03230000 - 0x00007ffa0324c000 	C:\WINDOWS\SYSTEM32\dhcpcsvc.DLL

VM Arguments:
jvm_args: -XX:TieredStopAtLevel=1 -Xverify:none -Dspring.output.ansi.enabled=always -Dcom.sun.management.jmxremote -Dcom.sun.management.jmxremote.port=55537 -Dcom.sun.management.jmxremote.authenticate=false -Dcom.sun.management.jmxremote.ssl=false -Djava.rmi.server.hostname=localhost -Dspring.liveBeansView.mbeanDomain -Dspring.application.admin.enabled=true -javaagent:C:\Program Files\JetBrains\IntelliJ IDEA 2018.3.2\lib\idea_rt.jar=55538:C:\Program Files\JetBrains\IntelliJ IDEA 2018.3.2\bin -Dfile.encoding=UTF-8 
java_command: org.itstep.msk.app.AppApplication
java_class_path (initial): C:\Program Files\Java\jdk1.8.0_181\jre\lib\charsets.jar;C:\Program Files\Java\jdk1.8.0_181\jre\lib\deploy.jar;C:\Program Files\Java\jdk1.8.0_181\jre\lib\ext\access-bridge-64.jar;C:\Program Files\Java\jdk1.8.0_181\jre\lib\ext\cldrdata.jar;C:\Program Files\Java\jdk1.8.0_181\jre\lib\ext\dnsns.jar;C:\Program Files\Java\jdk1.8.0_181\jre\lib\ext\jaccess.jar;C:\Program Files\Java\jdk1.8.0_181\jre\lib\ext\jfxrt.jar;C:\Program Files\Java\jdk1.8.0_181\jre\lib\ext\localedata.jar;C:\Program Files\Java\jdk1.8.0_181\jre\lib\ext\nashorn.jar;C:\Program Files\Java\jdk1.8.0_181\jre\lib\ext\sunec.jar;C:\Program Files\Java\jdk1.8.0_181\jre\lib\ext\sunjce_provider.jar;C:\Program Files\Java\jdk1.8.0_181\jre\lib\ext\sunmscapi.jar;C:\Program Files\Java\jdk1.8.0_181\jre\lib\ext\sunpkcs11.jar;C:\Program Files\Java\jdk1.8.0_181\jre\lib\ext\zipfs.jar;C:\Program Files\Java\jdk1.8.0_181\jre\lib\javaws.jar;C:\Program Files\Java\jdk1.8.0_181\jre\lib\jce.jar;C:\Program Files\Java\jdk1.8.0_181\jre\lib\jfr.jar;C:\Program Files\Java\jdk1.8.0_181\jre\lib\jfxswt.jar;C:\Program Files\Java\jdk1.8.0_181\jre\lib\jsse.jar;C:\Program Files\Java\jdk1.8.0_181\jre\lib\management-agent.jar;C:\Program Files\Java\jdk1.8.0_181\jre\lib\plugin.jar;C:\Program Files\Java\jdk1.8.0_181\jre\lib\resources.jar;C:\Program Files\Java\jdk1.8.0_181\jre\lib\rt.jar;C:\Users\user\Documents\myproject\target\classes;C:\Users\user\.m2\repository\org\springframework\boot\spring-boot-starter-data-jpa\2.1.8.RELEASE\spring-boot-starter-data-jpa-2.1.8.RELEASE.jar;C:\Users\user\.m2\repository\org\springframework\boot\spring-boot-starter-aop\2.1.8.RELEASE\spring-boot-starter-aop-2.1.8.RELEASE.jar;C:\Users\user\.m2\repository\org\aspectj\aspectjweaver\1.9.4\aspectjweaver-1.9.4.jar;C:\Users\user\.m2\repository\org\springframework\boot\spring-boot-starter-jdbc\2.1.8.RELEASE\spring-boot-starter-jdbc-2.1.8.RELEASE.jar;C:\Users\user\.m2\repository\com\zaxxer\HikariCP\3.2.0\HikariCP-3.2.0.jar;C:\Users\user\.m2\repositor
Launcher Type: SUN_STANDARD

Environment Variables:
PATH=C:\Program Files (x86)\NVIDIA Corporation\PhysX\Common;C:\Program Files (x86)\Common Files\Oracle\Java\javapath;C:\WINDOWS\system32;C:\WINDOWS;C:\WINDOWS\System32\Wbem;C:\WINDOWS\System32\WindowsPowerShell\v1.0\;C:\Program Files (x86)\ATI Technologies\ATI.ACE\Core-Static;C:\WINDOWS\System32\OpenSSH\;C:\Users\user\AppData\Local\Microsoft\WindowsApps;
USERNAME=user
OS=Windows_NT
PROCESSOR_IDENTIFIER=Intel64 Family 6 Model 37 Stepping 2, GenuineIntel



---------------  S Y S T E M  ---------------

OS: Windows 10.0 , 64 bit Build 18362 (10.0.18362.329)

CPU:total 4 (initial active 4) (2 cores per cpu, 2 threads per core) family 6 model 37 stepping 2, cmov, cx8, fxsr, mmx, sse, sse2, sse3, ssse3, sse4.1, sse4.2, popcnt, ht, tsc, tscinvbit

Memory: 4k page, physical 4044896k(461268k free), swap 6092896k(5316k free)

vm_info: Java HotSpot(TM) 64-Bit Server VM (25.181-b13) for windows-amd64 JRE (1.8.0_181-b13), built on Jul  7 2018 04:01:33 by "java_re" with MS VC++ 10.0 (VS2010)

time: Fri Jan 31 16:29:59 2020
elapsed time: 21 seconds (0d 0h 0m 21s)

