#
# There is insufficient memory for the Java Runtime Environment to continue.
# Native memory allocation (malloc) failed to allocate 32744 bytes for ChunkPool::allocate
# Possible reasons:
#   The system is out of physical RAM or swap space
#   In 32 bit mode, the process size limit was hit
# Possible solutions:
#   Reduce memory load on the system
#   Increase physical memory or swap space
#   Check if swap backing store is full
#   Use 64 bit Java on a 64 bit OS
#   Decrease Java heap size (-Xmx/-Xms)
#   Decrease number of Java threads
#   Decrease Java thread stack sizes (-Xss)
#   Set larger code cache with -XX:ReservedCodeCacheSize=
# This output file may be truncated or incomplete.
#
#  Out of Memory Error (allocation.cpp:273), pid=7856, tid=0x0000000000001944
#
# JRE version: Java(TM) SE Runtime Environment (8.0_181-b13) (build 1.8.0_181-b13)
# Java VM: Java HotSpot(TM) 64-Bit Server VM (25.181-b13 mixed mode windows-amd64 compressed oops)
# Failed to write core dump. Minidumps are not enabled by default on client versions of Windows
#

---------------  T H R E A D  ---------------

Current thread (0x0000000016a1f000):  JavaThread "C2 CompilerThread1" daemon [_thread_in_native, id=6468, stack(0x0000000017290000,0x0000000017390000)]

Stack: [0x0000000017290000,0x0000000017390000]
[error occurred during error reporting (printing stack bounds), id 0xc0000005]

Native frames: (J=compiled Java code, j=interpreted, Vv=VM code, C=native code)


Current CompileTask:
C2: 206676 5680       4       org.springframework.boot.context.properties.source.SpringConfigurationPropertySources$SourcesIterator::fetchNext (138 bytes)


---------------  P R O C E S S  ---------------

Java Threads: ( => current thread )
  0x000000001a4c9800 JavaThread "DestroyJavaVM" [_thread_blocked, id=10352, stack(0x00000000024b0000,0x00000000025b0000)]
  0x000000001a4ca000 JavaThread "http-nio-127.0.0.1-8083-Acceptor" daemon [_thread_in_native, id=188, stack(0x0000000022af0000,0x0000000022bf0000)]
  0x000000001a4c1000 JavaThread "http-nio-127.0.0.1-8083-ClientPoller" daemon [_thread_in_native, id=1216, stack(0x00000000229f0000,0x0000000022af0000)]
  0x000000001a4c8000 JavaThread "http-nio-127.0.0.1-8083-exec-10" daemon [_thread_blocked, id=7944, stack(0x00000000228f0000,0x00000000229f0000)]
  0x000000001a4c7000 JavaThread "http-nio-127.0.0.1-8083-exec-9" daemon [_thread_blocked, id=7768, stack(0x00000000227f0000,0x00000000228f0000)]
  0x000000001a4c6800 JavaThread "http-nio-127.0.0.1-8083-exec-8" daemon [_thread_blocked, id=7660, stack(0x00000000226f0000,0x00000000227f0000)]
  0x000000001a4bf000 JavaThread "http-nio-127.0.0.1-8083-exec-7" daemon [_thread_blocked, id=2444, stack(0x00000000225f0000,0x00000000226f0000)]
  0x000000001a4c5800 JavaThread "http-nio-127.0.0.1-8083-exec-6" daemon [_thread_blocked, id=6752, stack(0x00000000224f0000,0x00000000225f0000)]
  0x000000001a4c5000 JavaThread "http-nio-127.0.0.1-8083-exec-5" daemon [_thread_blocked, id=1768, stack(0x00000000223f0000,0x00000000224f0000)]
  0x000000001a4be000 JavaThread "http-nio-127.0.0.1-8083-exec-4" daemon [_thread_blocked, id=5624, stack(0x00000000222f0000,0x00000000223f0000)]
  0x000000001a4c0800 JavaThread "http-nio-127.0.0.1-8083-exec-3" daemon [_thread_blocked, id=7300, stack(0x00000000221f0000,0x00000000222f0000)]
  0x000000001a4c4000 JavaThread "http-nio-127.0.0.1-8083-exec-2" daemon [_thread_blocked, id=4104, stack(0x00000000220f0000,0x00000000221f0000)]
  0x000000001a4bf800 JavaThread "http-nio-127.0.0.1-8083-exec-1" daemon [_thread_blocked, id=10076, stack(0x0000000021ff0000,0x00000000220f0000)]
  0x000000001a4c3800 JavaThread "http-nio-127.0.0.1-8083-BlockPoller" daemon [_thread_in_native, id=7640, stack(0x0000000021710000,0x0000000021810000)]
  0x000000001a4c2800 JavaThread "File Watcher" daemon [_thread_blocked, id=3432, stack(0x000000001ef40000,0x000000001f040000)]
  0x000000001a289000 JavaThread "Live Reload Server" daemon [_thread_in_native, id=4596, stack(0x0000000020e10000,0x0000000020f10000)]
  0x000000001a28b000 JavaThread "HikariPool-1 housekeeper" daemon [_thread_blocked, id=7808, stack(0x000000001ee40000,0x000000001ef40000)]
  0x000000001a28f000 JavaThread "Abandoned connection cleanup thread" daemon [_thread_blocked, id=8928, stack(0x000000001ea40000,0x000000001eb40000)]
  0x000000001a28e000 JavaThread "container-0" [_thread_blocked, id=9584, stack(0x000000001e940000,0x000000001ea40000)]
  0x000000001a28d800 JavaThread "Catalina-utility-2" [_thread_blocked, id=9192, stack(0x000000001e840000,0x000000001e940000)]
  0x000000001a288000 JavaThread "Catalina-utility-1" [_thread_blocked, id=7708, stack(0x00000000189b0000,0x0000000018ab0000)]
  0x0000000016af6800 JavaThread "Service Thread" daemon [_thread_blocked, id=10716, stack(0x0000000017490000,0x0000000017590000)]
  0x0000000016a75800 JavaThread "C1 CompilerThread2" daemon [_thread_blocked, id=9932, stack(0x0000000017390000,0x0000000017490000)]
=>0x0000000016a1f000 JavaThread "C2 CompilerThread1" daemon [_thread_in_native, id=6468, stack(0x0000000017290000,0x0000000017390000)]
  0x0000000016a1e000 JavaThread "C2 CompilerThread0" daemon [_thread_blocked, id=6888, stack(0x0000000017190000,0x0000000017290000)]
  0x0000000016a04000 JavaThread "Monitor Ctrl-Break" daemon [_thread_in_native, id=11032, stack(0x0000000017090000,0x0000000017190000)]
  0x0000000014e2e000 JavaThread "Attach Listener" daemon [_thread_blocked, id=1552, stack(0x0000000016390000,0x0000000016490000)]
  0x0000000014e2d000 JavaThread "Signal Dispatcher" daemon [_thread_blocked, id=4060, stack(0x0000000016290000,0x0000000016390000)]
  0x0000000014e1a800 JavaThread "Finalizer" daemon [_thread_blocked, id=8220, stack(0x0000000016080000,0x0000000016180000)]
  0x00000000028b2000 JavaThread "Reference Handler" daemon [_thread_blocked, id=10116, stack(0x0000000015f80000,0x0000000016080000)]

Other Threads:
  0x0000000014df7800 VMThread [stack: 0x0000000015e80000,0x0000000015f80000] [id=7604]
  0x0000000016af9000 WatcherThread [stack: 0x00000000176e0000,0x00000000177e0000] [id=6204]

VM state:not at safepoint (normal execution)

VM Mutex/Monitor currently owned by a thread: None

Heap:
 PSYoungGen      total 187904K, used 47898K [0x00000000eb700000, 0x00000000f9580000, 0x0000000100000000)
  eden space 172544K, 20% used [0x00000000eb700000,0x00000000ed920c68,0x00000000f5f80000)
  from space 15360K, 84% used [0x00000000f5f80000,0x00000000f6c25ec0,0x00000000f6e80000)
  to   space 16896K, 0% used [0x00000000f8500000,0x00000000f8500000,0x00000000f9580000)
 ParOldGen       total 77824K, used 23343K [0x00000000c2400000, 0x00000000c7000000, 0x00000000eb700000)
  object space 77824K, 29% used [0x00000000c2400000,0x00000000c3acbce0,0x00000000c7000000)
 Metaspace       used 67547K, capacity 70652K, committed 70960K, reserved 1110016K
  class space    used 9425K, capacity 9960K, committed 10032K, reserved 1048576K

Card table byte_map: [0x0000000011c80000,0x0000000011e70000] byte_map_base: 0x000000001166e000

Marking Bits: (ParMarkBitMap*) 0x000000005c862d00
 Begin Bits: [0x00000000123c0000, 0x0000000013330000)
 End Bits:   [0x0000000013330000, 0x00000000142a0000)

Polling page: 0x0000000000cb0000

CodeCache: size=245760Kb used=16695Kb max_used=16964Kb free=229064Kb
 bounds [0x00000000028c0000, 0x00000000039e0000, 0x00000000118c0000]
 total_blobs=5397 nmethods=4817 adapters=492
 compilation: enabled

Compilation events (10 events):
Event: 206.559 Thread 0x0000000016a75800 5684       1       java.nio.charset.CharsetEncoder::charset (5 bytes)
Event: 206.559 Thread 0x0000000016a75800 nmethod 5684 0x0000000002e2bb50 code [0x0000000002e2bca0, 0x0000000002e2bdb0]
Event: 206.559 Thread 0x0000000016a75800 5682       3       sun.util.calendar.ZoneInfo::getOffsets (8 bytes)
Event: 206.560 Thread 0x0000000016a75800 nmethod 5682 0x0000000002bb5d50 code [0x0000000002bb5ec0, 0x0000000002bb6048]
Event: 206.560 Thread 0x0000000016a75800 5683       3       sun.util.calendar.CalendarDate::getDayOfWeek (18 bytes)
Event: 206.560 Thread 0x0000000016a75800 nmethod 5683 0x0000000002e5e310 code [0x0000000002e5e460, 0x0000000002e5e690]
Event: 206.561 Thread 0x0000000016a75800 5685       1       org.apache.catalina.core.ContainerBase::getParent (5 bytes)
Event: 206.561 Thread 0x0000000016a75800 nmethod 5685 0x0000000002e5df90 code [0x0000000002e5e0e0, 0x0000000002e5e1f0]
Event: 206.561 Thread 0x0000000016a75800 5686       1       java.nio.channels.spi.AbstractSelectionKey::isValid (5 bytes)
Event: 206.562 Thread 0x0000000016a75800 nmethod 5686 0x0000000002a96e50 code [0x0000000002a96fa0, 0x0000000002a970b0]

GC Heap History (10 events):
Event: 31.286 GC heap before
{Heap before GC invocations=16 (full 2):
 PSYoungGen      total 120320K, used 111104K [0x00000000eb700000, 0x00000000f5500000, 0x0000000100000000)
  eden space 111104K, 100% used [0x00000000eb700000,0x00000000f2380000,0x00000000f2380000)
  from space 9216K, 0% used [0x00000000f2380000,0x00000000f2380000,0x00000000f2c80000)
  to   space 9216K, 0% used [0x00000000f4c00000,0x00000000f4c00000,0x00000000f5500000)
 ParOldGen       total 52736K, used 14207K [0x00000000c2400000, 0x00000000c5780000, 0x00000000eb700000)
  object space 52736K, 26% used [0x00000000c2400000,0x00000000c31dfc60,0x00000000c5780000)
 Metaspace       used 41017K, capacity 42968K, committed 43184K, reserved 1087488K
  class space    used 5319K, capacity 5692K, committed 5808K, reserved 1048576K
Event: 31.317 GC heap after
Heap after GC invocations=16 (full 2):
 PSYoungGen      total 148480K, used 9200K [0x00000000eb700000, 0x00000000f5500000, 0x0000000100000000)
  eden space 139264K, 0% used [0x00000000eb700000,0x00000000eb700000,0x00000000f3f00000)
  from space 9216K, 99% used [0x00000000f4c00000,0x00000000f54fc148,0x00000000f5500000)
  to   space 10752K, 0% used [0x00000000f4000000,0x00000000f4000000,0x00000000f4a80000)
 ParOldGen       total 52736K, used 14520K [0x00000000c2400000, 0x00000000c5780000, 0x00000000eb700000)
  object space 52736K, 27% used [0x00000000c2400000,0x00000000c322e0b8,0x00000000c5780000)
 Metaspace       used 41017K, capacity 42968K, committed 43184K, reserved 1087488K
  class space    used 5319K, capacity 5692K, committed 5808K, reserved 1048576K
}
Event: 40.788 GC heap before
{Heap before GC invocations=17 (full 2):
 PSYoungGen      total 148480K, used 148464K [0x00000000eb700000, 0x00000000f5500000, 0x0000000100000000)
  eden space 139264K, 100% used [0x00000000eb700000,0x00000000f3f00000,0x00000000f3f00000)
  from space 9216K, 99% used [0x00000000f4c00000,0x00000000f54fc148,0x00000000f5500000)
  to   space 10752K, 0% used [0x00000000f4000000,0x00000000f4000000,0x00000000f4a80000)
 ParOldGen       total 52736K, used 14520K [0x00000000c2400000, 0x00000000c5780000, 0x00000000eb700000)
  object space 52736K, 27% used [0x00000000c2400000,0x00000000c322e0b8,0x00000000c5780000)
 Metaspace       used 54411K, capacity 56534K, committed 56880K, reserved 1097728K
  class space    used 7543K, capacity 7941K, committed 7984K, reserved 1048576K
Event: 40.864 GC heap after
Heap after GC invocations=17 (full 2):
 PSYoungGen      total 151040K, used 10735K [0x00000000eb700000, 0x00000000f7d80000, 0x0000000100000000)
  eden space 140288K, 0% used [0x00000000eb700000,0x00000000eb700000,0x00000000f4000000)
  from space 10752K, 99% used [0x00000000f4000000,0x00000000f4a7be20,0x00000000f4a80000)
  to   space 15360K, 0% used [0x00000000f6e80000,0x00000000f6e80000,0x00000000f7d80000)
 ParOldGen       total 52736K, used 23387K [0x00000000c2400000, 0x00000000c5780000, 0x00000000eb700000)
  object space 52736K, 44% used [0x00000000c2400000,0x00000000c3ad6f40,0x00000000c5780000)
 Metaspace       used 54411K, capacity 56534K, committed 56880K, reserved 1097728K
  class space    used 7543K, capacity 7941K, committed 7984K, reserved 1048576K
}
Event: 42.171 GC heap before
{Heap before GC invocations=18 (full 2):
 PSYoungGen      total 151040K, used 39088K [0x00000000eb700000, 0x00000000f7d80000, 0x0000000100000000)
  eden space 140288K, 20% used [0x00000000eb700000,0x00000000ed2b0550,0x00000000f4000000)
  from space 10752K, 99% used [0x00000000f4000000,0x00000000f4a7be20,0x00000000f4a80000)
  to   space 15360K, 0% used [0x00000000f6e80000,0x00000000f6e80000,0x00000000f7d80000)
 ParOldGen       total 52736K, used 23387K [0x00000000c2400000, 0x00000000c5780000, 0x00000000eb700000)
  object space 52736K, 44% used [0x00000000c2400000,0x00000000c3ad6f40,0x00000000c5780000)
 Metaspace       used 56631K, capacity 59066K, committed 59160K, reserved 1099776K
  class space    used 7856K, capacity 8305K, committed 8368K, reserved 1048576K
Event: 42.215 GC heap after
Heap after GC invocations=18 (full 2):
 PSYoungGen      total 187904K, used 2632K [0x00000000eb700000, 0x00000000f8700000, 0x0000000100000000)
  eden space 172544K, 0% used [0x00000000eb700000,0x00000000eb700000,0x00000000f5f80000)
  from space 15360K, 17% used [0x00000000f6e80000,0x00000000f71120c0,0x00000000f7d80000)
  to   space 15360K, 0% used [0x00000000f5f80000,0x00000000f5f80000,0x00000000f6e80000)
 ParOldGen       total 52736K, used 26563K [0x00000000c2400000, 0x00000000c5780000, 0x00000000eb700000)
  object space 52736K, 50% used [0x00000000c2400000,0x00000000c3df0fa0,0x00000000c5780000)
 Metaspace       used 56631K, capacity 59066K, committed 59160K, reserved 1099776K
  class space    used 7856K, capacity 8305K, committed 8368K, reserved 1048576K
}
Event: 42.215 GC heap before
{Heap before GC invocations=19 (full 3):
 PSYoungGen      total 187904K, used 2632K [0x00000000eb700000, 0x00000000f8700000, 0x0000000100000000)
  eden space 172544K, 0% used [0x00000000eb700000,0x00000000eb700000,0x00000000f5f80000)
  from space 15360K, 17% used [0x00000000f6e80000,0x00000000f71120c0,0x00000000f7d80000)
  to   space 15360K, 0% used [0x00000000f5f80000,0x00000000f5f80000,0x00000000f6e80000)
 ParOldGen       total 52736K, used 26563K [0x00000000c2400000, 0x00000000c5780000, 0x00000000eb700000)
  object space 52736K, 50% used [0x00000000c2400000,0x00000000c3df0fa0,0x00000000c5780000)
 Metaspace       used 56631K, capacity 59066K, committed 59160K, reserved 1099776K
  class space    used 7856K, capacity 8305K, committed 8368K, reserved 1048576K
Event: 43.088 GC heap after
Heap after GC invocations=19 (full 3):
 PSYoungGen      total 187904K, used 0K [0x00000000eb700000, 0x00000000f8700000, 0x0000000100000000)
  eden space 172544K, 0% used [0x00000000eb700000,0x00000000eb700000,0x00000000f5f80000)
  from space 15360K, 0% used [0x00000000f6e80000,0x00000000f6e80000,0x00000000f7d80000)
  to   space 15360K, 0% used [0x00000000f5f80000,0x00000000f5f80000,0x00000000f6e80000)
 ParOldGen       total 77824K, used 23335K [0x00000000c2400000, 0x00000000c7000000, 0x00000000eb700000)
  object space 77824K, 29% used [0x00000000c2400000,0x00000000c3ac9ce0,0x00000000c7000000)
 Metaspace       used 56631K, capacity 59066K, committed 59160K, reserved 1099776K
  class space    used 7856K, capacity 8305K, committed 8368K, reserved 1048576K
}
Event: 80.688 GC heap before
{Heap before GC invocations=20 (full 3):
 PSYoungGen      total 187904K, used 172544K [0x00000000eb700000, 0x00000000f8700000, 0x0000000100000000)
  eden space 172544K, 100% used [0x00000000eb700000,0x00000000f5f80000,0x00000000f5f80000)
  from space 15360K, 0% used [0x00000000f6e80000,0x00000000f6e80000,0x00000000f7d80000)
  to   space 15360K, 0% used [0x00000000f5f80000,0x00000000f5f80000,0x00000000f6e80000)
 ParOldGen       total 77824K, used 23335K [0x00000000c2400000, 0x00000000c7000000, 0x00000000eb700000)
  object space 77824K, 29% used [0x00000000c2400000,0x00000000c3ac9ce0,0x00000000c7000000)
 Metaspace       used 65910K, capacity 68928K, committed 69168K, reserved 1107968K
  class space    used 9221K, capacity 9744K, committed 9776K, reserved 1048576K
Event: 80.735 GC heap after
Heap after GC invocations=20 (full 3):
 PSYoungGen      total 187904K, used 12951K [0x00000000eb700000, 0x00000000f9580000, 0x0000000100000000)
  eden space 172544K, 0% used [0x00000000eb700000,0x00000000eb700000,0x00000000f5f80000)
  from space 15360K, 84% used [0x00000000f5f80000,0x00000000f6c25ec0,0x00000000f6e80000)
  to   space 16896K, 0% used [0x00000000f8500000,0x00000000f8500000,0x00000000f9580000)
 ParOldGen       total 77824K, used 23343K [0x00000000c2400000, 0x00000000c7000000, 0x00000000eb700000)
  object space 77824K, 29% used [0x00000000c2400000,0x00000000c3acbce0,0x00000000c7000000)
 Metaspace       used 65910K, capacity 68928K, committed 69168K, reserved 1107968K
  class space    used 9221K, capacity 9744K, committed 9776K, reserved 1048576K
}

Deoptimization events (10 events):
Event: 48.310 Thread 0x0000000017028800 Uncommon trap: reason=class_check action=maybe_recompile pc=0x00000000037fa124 method=org.springframework.util.ConcurrentReferenceHashMap$ReferenceManager.pollForPurge()Lorg/springframework/util/ConcurrentReferenceHashMap$Reference; @ 7
Event: 48.311 Thread 0x0000000017028800 Uncommon trap: reason=class_check action=maybe_recompile pc=0x00000000037fa124 method=org.springframework.util.ConcurrentReferenceHashMap$ReferenceManager.pollForPurge()Lorg/springframework/util/ConcurrentReferenceHashMap$Reference; @ 7
Event: 48.311 Thread 0x0000000017028800 Uncommon trap: reason=class_check action=maybe_recompile pc=0x00000000037fa124 method=org.springframework.util.ConcurrentReferenceHashMap$ReferenceManager.pollForPurge()Lorg/springframework/util/ConcurrentReferenceHashMap$Reference; @ 7
Event: 48.311 Thread 0x0000000017028800 Uncommon trap: reason=class_check action=maybe_recompile pc=0x00000000037fa124 method=org.springframework.util.ConcurrentReferenceHashMap$ReferenceManager.pollForPurge()Lorg/springframework/util/ConcurrentReferenceHashMap$Reference; @ 7
Event: 49.172 Thread 0x000000001a4c2800 Uncommon trap: reason=bimorphic action=maybe_recompile pc=0x00000000034b5bf4 method=java.util.AbstractCollection.containsAll(Ljava/util/Collection;)Z @ 25
Event: 49.172 Thread 0x000000001a4c2800 Uncommon trap: reason=bimorphic action=maybe_recompile pc=0x00000000034b5bf4 method=java.util.AbstractCollection.containsAll(Ljava/util/Collection;)Z @ 25
Event: 50.199 Thread 0x000000001a4c2800 Uncommon trap: reason=bimorphic action=maybe_recompile pc=0x00000000034b5bf4 method=java.util.AbstractCollection.containsAll(Ljava/util/Collection;)Z @ 25
Event: 50.199 Thread 0x000000001a4c2800 Uncommon trap: reason=bimorphic action=maybe_recompile pc=0x00000000034b5bf4 method=java.util.AbstractCollection.containsAll(Ljava/util/Collection;)Z @ 25
Event: 128.010 Thread 0x000000001a4c0800 Uncommon trap: reason=unstable_if action=reinterpret pc=0x0000000002b11788 method=java.util.Properties$LineReader.readLine()I @ 37
Event: 128.018 Thread 0x000000001a4c0800 Uncommon trap: reason=unstable_if action=reinterpret pc=0x00000000030be824 method=java.util.Properties$LineReader.readLine()I @ 105

Classes redefined (0 events):
No events

Internal exceptions (10 events):
Event: 47.961 Thread 0x0000000017028800 Exception <a 'java/io/FileNotFoundException'> (0x00000000f42de588) thrown at [C:\re\workspace\8-2-build-windows-amd64-cygwin\jdk8u181\11358\hotspot\src\share\vm\prims\jni.cpp, line 709]
Event: 47.961 Thread 0x0000000017028800 Exception <a 'java/io/FileNotFoundException'> (0x00000000f42df048) thrown at [C:\re\workspace\8-2-build-windows-amd64-cygwin\jdk8u181\11358\hotspot\src\share\vm\prims\jni.cpp, line 709]
Event: 47.984 Thread 0x0000000017028800 Exception <a 'java/lang/ClassNotFoundException': java/lang/ObjectCustomizer> (0x00000000f43996d8) thrown at [C:\re\workspace\8-2-build-windows-amd64-cygwin\jdk8u181\11358\hotspot\src\share\vm\classfile\systemDictionary.cpp, line 210]
Event: 47.985 Thread 0x0000000017028800 Exception <a 'java/lang/ClassNotFoundException': org/springframework/boot/autoconfigure/reactor/core/ReactorCoreAutoConfigurationCustomizer> (0x00000000f43ca9d8) thrown at [C:\re\workspace\8-2-build-windows-amd64-cygwin\jdk8u181\11358\hotspot\src\share\vm
Event: 47.986 Thread 0x0000000017028800 Exception <a 'java/lang/ClassNotFoundException': org/springframework/boot/autoconfigure/reactor/core/ReactorCoreAutoConfiguration$$EnhancerBySpringCGLIB$$3ce461bbCustomizer> (0x00000000f4407b58) thrown at [C:\re\workspace\8-2-build-windows-amd64-cygwin\jd
Event: 47.988 Thread 0x0000000017028800 Exception <a 'java/lang/ClassNotFoundException': org/springframework/context/annotation/ConfigurationClassEnhancer$EnhancedConfigurationCustomizer> (0x00000000f443e5e0) thrown at [C:\re\workspace\8-2-build-windows-amd64-cygwin\jdk8u181\11358\hotspot\src\s
Event: 47.988 Thread 0x0000000017028800 Exception <a 'java/lang/ClassNotFoundException': org/springframework/beans/factory/BeanFactoryAwareCustomizer> (0x00000000f4460a40) thrown at [C:\re\workspace\8-2-build-windows-amd64-cygwin\jdk8u181\11358\hotspot\src\share\vm\classfile\systemDictionary.cp
Event: 47.989 Thread 0x0000000017028800 Exception <a 'java/lang/ClassNotFoundException': org/springframework/beans/factory/AwareCustomizer> (0x00000000f447f738) thrown at [C:\re\workspace\8-2-build-windows-amd64-cygwin\jdk8u181\11358\hotspot\src\share\vm\classfile\systemDictionary.cpp, line 210
Event: 128.010 Thread 0x000000001a4c0800 Implicit null exception at 0x0000000002b111f5 to 0x0000000002b11759
Event: 128.018 Thread 0x000000001a4c0800 Implicit null exception at 0x00000000030bde6c to 0x00000000030be7b5

Events (10 events):
Event: 206.525 loading class com/samskivert/mustache$Template
Event: 206.525 loading class com/samskivert/mustache$Template done
Event: 206.526 loading class groovy/text/TemplateEngine
Event: 206.526 loading class groovy/text/TemplateEngine done
Event: 206.526 loading class groovy/text$TemplateEngine
Event: 206.526 loading class groovy/text$TemplateEngine done
Event: 206.528 loading class org/apache/jasper/compiler/JspConfig
Event: 206.528 loading class org/apache/jasper/compiler/JspConfig done
Event: 206.542 loading class org/apache/jasper/compiler$JspConfig
Event: 206.542 loading class org/apache/jasper/compiler$JspConfig done


Dynamic libraries:
0x00007ff7f5cc0000 - 0x00007ff7f5cf7000 	C:\Program Files\Java\jre1.8.0_181\bin\java.exe
0x00007ffc1cec0000 - 0x00007ffc1d0b0000 	C:\WINDOWS\SYSTEM32\ntdll.dll
0x00007ffc0f6a0000 - 0x00007ffc0f6b3000 	C:\Program Files\AVAST Software\Avast\aswhook.dll
0x00007ffc1b6f0000 - 0x00007ffc1b7a2000 	C:\WINDOWS\System32\KERNEL32.DLL
0x00007ffc19e50000 - 0x00007ffc1a0f4000 	C:\WINDOWS\System32\KERNELBASE.dll
0x00007ffc1c030000 - 0x00007ffc1c0d3000 	C:\WINDOWS\System32\ADVAPI32.dll
0x00007ffc1cb80000 - 0x00007ffc1cc1e000 	C:\WINDOWS\System32\msvcrt.dll
0x00007ffc1b350000 - 0x00007ffc1b3e7000 	C:\WINDOWS\System32\sechost.dll
0x00007ffc1ccd0000 - 0x00007ffc1cdf0000 	C:\WINDOWS\System32\RPCRT4.dll
0x00007ffc1b550000 - 0x00007ffc1b6e4000 	C:\WINDOWS\System32\USER32.dll
0x00007ffc1ac70000 - 0x00007ffc1ac91000 	C:\WINDOWS\System32\win32u.dll
0x00007ffc1c250000 - 0x00007ffc1c276000 	C:\WINDOWS\System32\GDI32.dll
0x00007ffc1aad0000 - 0x00007ffc1ac64000 	C:\WINDOWS\System32\gdi32full.dll
0x00007ffc1aa30000 - 0x00007ffc1aace000 	C:\WINDOWS\System32\msvcp_win.dll
0x00007ffc1ad20000 - 0x00007ffc1ae1a000 	C:\WINDOWS\System32\ucrtbase.dll
0x00007ffc047f0000 - 0x00007ffc04a74000 	C:\WINDOWS\WinSxS\amd64_microsoft.windows.common-controls_6595b64144ccf1df_6.0.18362.836_none_e6c4b943130f18ed\COMCTL32.dll
0x00007ffc1bcf0000 - 0x00007ffc1c026000 	C:\WINDOWS\System32\combase.dll
0x00007ffc1aca0000 - 0x00007ffc1ad20000 	C:\WINDOWS\System32\bcryptPrimitives.dll
0x00007ffc1af70000 - 0x00007ffc1af9e000 	C:\WINDOWS\System32\IMM32.DLL
0x000000005c8f0000 - 0x000000005c9c2000 	C:\Program Files\Java\jre1.8.0_181\bin\msvcr100.dll
0x000000005c040000 - 0x000000005c8e2000 	C:\Program Files\Java\jre1.8.0_181\bin\server\jvm.dll
0x00007ffc1cdf0000 - 0x00007ffc1cdf8000 	C:\WINDOWS\System32\PSAPI.DLL
0x00007ffc0c410000 - 0x00007ffc0c419000 	C:\WINDOWS\SYSTEM32\WSOCK32.dll
0x00007ffc1b200000 - 0x00007ffc1b26f000 	C:\WINDOWS\System32\WS2_32.dll
0x00007ffc16a30000 - 0x00007ffc16a54000 	C:\WINDOWS\SYSTEM32\WINMM.dll
0x00007ffc12730000 - 0x00007ffc1273a000 	C:\WINDOWS\SYSTEM32\VERSION.dll
0x00007ffc16a00000 - 0x00007ffc16a2d000 	C:\WINDOWS\SYSTEM32\WINMMBASE.dll
0x00007ffc1a950000 - 0x00007ffc1a99a000 	C:\WINDOWS\System32\cfgmgr32.dll
0x000000005c030000 - 0x000000005c03f000 	C:\Program Files\Java\jre1.8.0_181\bin\verify.dll
0x000000005c000000 - 0x000000005c029000 	C:\Program Files\Java\jre1.8.0_181\bin\java.dll
0x000000005ad90000 - 0x000000005adb3000 	C:\Program Files\Java\jre1.8.0_181\bin\instrument.dll
0x000000005ad40000 - 0x000000005ad56000 	C:\Program Files\Java\jre1.8.0_181\bin\zip.dll
0x00007ffc1c360000 - 0x00007ffc1ca44000 	C:\WINDOWS\System32\SHELL32.dll
0x00007ffc1afa0000 - 0x00007ffc1b049000 	C:\WINDOWS\System32\shcore.dll
0x00007ffc1a1d0000 - 0x00007ffc1a94e000 	C:\WINDOWS\System32\windows.storage.dll
0x00007ffc19d90000 - 0x00007ffc19db3000 	C:\WINDOWS\System32\profapi.dll
0x00007ffc19dc0000 - 0x00007ffc19e0a000 	C:\WINDOWS\System32\powrprof.dll
0x00007ffc19d80000 - 0x00007ffc19d90000 	C:\WINDOWS\System32\UMPDC.dll
0x00007ffc1b270000 - 0x00007ffc1b2c2000 	C:\WINDOWS\System32\shlwapi.dll
0x00007ffc19e30000 - 0x00007ffc19e41000 	C:\WINDOWS\System32\kernel.appcore.dll
0x00007ffc1a1b0000 - 0x00007ffc1a1c7000 	C:\WINDOWS\System32\cryptsp.dll
0x00007ffc14140000 - 0x00007ffc1415a000 	C:\Program Files\JetBrains\IntelliJ IDEA Community Edition 2018.2.4\bin\breakgen64.dll
0x000000005ad00000 - 0x000000005ad1a000 	C:\Program Files\Java\jre1.8.0_181\bin\net.dll
0x00007ffc19590000 - 0x00007ffc195f7000 	C:\WINDOWS\system32\mswsock.dll
0x000000005bfe0000 - 0x000000005bfed000 	C:\Program Files\Java\jre1.8.0_181\bin\management.dll
0x00007ffc06f20000 - 0x00007ffc06f36000 	C:\WINDOWS\system32\napinsp.dll
0x00007ffc06f00000 - 0x00007ffc06f1a000 	C:\WINDOWS\system32\pnrpnsp.dll
0x00007ffc192e0000 - 0x00007ffc193ab000 	C:\WINDOWS\SYSTEM32\DNSAPI.dll
0x00007ffc1c240000 - 0x00007ffc1c248000 	C:\WINDOWS\System32\NSI.dll
0x00007ffc192a0000 - 0x00007ffc192da000 	C:\WINDOWS\SYSTEM32\IPHLPAPI.DLL
0x00007ffc06ed0000 - 0x00007ffc06ede000 	C:\WINDOWS\System32\winrnr.dll
0x00007ffc166e0000 - 0x00007ffc166fc000 	C:\WINDOWS\system32\NLAapi.dll
0x00007ffc14090000 - 0x00007ffc140a5000 	C:\WINDOWS\system32\wshbth.dll
0x00007ffc0e440000 - 0x00007ffc0e44a000 	C:\Windows\System32\rasadhlp.dll
0x00007ffc102c0000 - 0x00007ffc10337000 	C:\WINDOWS\System32\fwpuclnt.dll
0x00007ffc1aa00000 - 0x00007ffc1aa26000 	C:\WINDOWS\System32\bcrypt.dll
0x000000005aca0000 - 0x000000005acb1000 	C:\Program Files\Java\jre1.8.0_181\bin\nio.dll
0x00007ffc19100000 - 0x00007ffc19133000 	C:\WINDOWS\system32\rsaenh.dll
0x00007ffc19c70000 - 0x00007ffc19c95000 	C:\WINDOWS\SYSTEM32\USERENV.dll
0x00007ffc19760000 - 0x00007ffc1976c000 	C:\WINDOWS\SYSTEM32\CRYPTBASE.dll
0x00007ffc109a0000 - 0x00007ffc109b6000 	C:\WINDOWS\SYSTEM32\dhcpcsvc6.DLL
0x00007ffc107a0000 - 0x00007ffc107bc000 	C:\WINDOWS\SYSTEM32\dhcpcsvc.DLL

VM Arguments:
jvm_args: -javaagent:C:\Program Files\JetBrains\IntelliJ IDEA Community Edition 2018.2.4\lib\idea_rt.jar=51358:C:\Program Files\JetBrains\IntelliJ IDEA Community Edition 2018.2.4\bin -Dfile.encoding=UTF-8 
java_command: org.itstep.msk.app.AppApplication
java_class_path (initial): C:\Users\user\AppData\Local\Temp\classpath1467052853.jar;C:\Program Files\JetBrains\IntelliJ IDEA Community Edition 2018.2.4\lib\idea_rt.jar
Launcher Type: SUN_STANDARD

Environment Variables:
PATH=C:\Program Files (x86)\NVIDIA Corporation\PhysX\Common;C:\Program Files (x86)\Common Files\Oracle\Java\javapath;C:\WINDOWS\system32;C:\WINDOWS;C:\WINDOWS\System32\Wbem;C:\WINDOWS\System32\WindowsPowerShell\v1.0\;C:\Program Files (x86)\ATI Technologies\ATI.ACE\Core-Static;C:\WINDOWS\System32\OpenSSH\;C:\Program Files\Cloud Foundry;C:\Users\user\AppData\Local\Microsoft\WindowsApps;
USERNAME=user
OS=Windows_NT
PROCESSOR_IDENTIFIER=Intel64 Family 6 Model 37 Stepping 2, GenuineIntel



---------------  S Y S T E M  ---------------

OS: Windows 10.0 , 64 bit Build 18362 (10.0.18362.778)

CPU:total 4 (initial active 4) (2 cores per cpu, 2 threads per core) family 6 model 37 stepping 2, cmov, cx8, fxsr, mmx, sse, sse2, sse3, ssse3, sse4.1, sse4.2, popcnt, ht, tsc, tscinvbit

Memory: 4k page, physical 4044896k(365712k free), swap 6092896k(3112k free)

vm_info: Java HotSpot(TM) 64-Bit Server VM (25.181-b13) for windows-amd64 JRE (1.8.0_181-b13), built on Jul  7 2018 04:01:33 by "java_re" with MS VC++ 10.0 (VS2010)

time: Sun May 17 21:26:51 2020
elapsed time: 206 seconds (0d 0h 3m 26s)

